<?xml version="1.0" encoding="UTF-8"?>
<testsuite name="api.mongo.nosql.Service.RelationshipServiceTest" tests="3" skipped="0" failures="0" errors="0" timestamp="2023-08-23T12:32:26" hostname="DESKTOP-F3ILP0D" time="0.124">
  <properties/>
  <testcase name="findOne()" classname="api.mongo.nosql.Service.RelationshipServiceTest" time="0.08"/>
  <testcase name="update()" classname="api.mongo.nosql.Service.RelationshipServiceTest" time="0.033"/>
  <testcase name="save()" classname="api.mongo.nosql.Service.RelationshipServiceTest" time="0.009"/>
  <system-out><![CDATA[2023-08-23 21:32:26.109  INFO 41712 --- [    Test worker] .b.t.c.SpringBootTestContextBootstrapper : Neither @ContextConfiguration nor @ContextHierarchy found for test class [api.mongo.nosql.Service.RelationshipServiceTest], using SpringBootContextLoader
2023-08-23 21:32:26.111  INFO 41712 --- [    Test worker] o.s.t.c.support.AbstractContextLoader    : Could not detect default resource locations for test class [api.mongo.nosql.Service.RelationshipServiceTest]: no resource found for suffixes {-context.xml, Context.groovy}.
2023-08-23 21:32:26.111  INFO 41712 --- [    Test worker] t.c.s.AnnotationConfigContextLoaderUtils : Could not detect default configuration classes for test class [api.mongo.nosql.Service.RelationshipServiceTest]: RelationshipServiceTest does not declare any static, non-private, non-final, nested classes annotated with @Configuration.
2023-08-23 21:32:26.114  INFO 41712 --- [    Test worker] .b.t.c.SpringBootTestContextBootstrapper : Found @SpringBootConfiguration api.mongo.nosql.NosqlApplication for test class api.mongo.nosql.Service.RelationshipServiceTest
2023-08-23 21:32:26.117  INFO 41712 --- [    Test worker] .b.t.c.SpringBootTestContextBootstrapper : Loaded default TestExecutionListener class names from location [META-INF/spring.factories]: [org.springframework.boot.test.autoconfigure.restdocs.RestDocsTestExecutionListener, org.springframework.boot.test.autoconfigure.web.client.MockRestServiceServerResetTestExecutionListener, org.springframework.boot.test.autoconfigure.web.servlet.MockMvcPrintOnlyOnFailureTestExecutionListener, org.springframework.boot.test.autoconfigure.web.servlet.WebDriverTestExecutionListener, org.springframework.boot.test.autoconfigure.webservices.client.MockWebServiceServerTestExecutionListener, org.springframework.boot.test.mock.mockito.MockitoTestExecutionListener, org.springframework.boot.test.mock.mockito.ResetMocksTestExecutionListener, org.springframework.test.context.web.ServletTestExecutionListener, org.springframework.test.context.support.DirtiesContextBeforeModesTestExecutionListener, org.springframework.test.context.event.ApplicationEventsTestExecutionListener, org.springframework.test.context.support.DependencyInjectionTestExecutionListener, org.springframework.test.context.support.DirtiesContextTestExecutionListener, org.springframework.test.context.transaction.TransactionalTestExecutionListener, org.springframework.test.context.jdbc.SqlScriptsTestExecutionListener, org.springframework.test.context.event.EventPublishingTestExecutionListener]
2023-08-23 21:32:26.118  INFO 41712 --- [    Test worker] .b.t.c.SpringBootTestContextBootstrapper : Using TestExecutionListeners: [org.springframework.test.context.web.ServletTestExecutionListener@1abf951a, org.springframework.test.context.support.DirtiesContextBeforeModesTestExecutionListener@629600d7, org.springframework.test.context.event.ApplicationEventsTestExecutionListener@180d918a, org.springframework.boot.test.mock.mockito.MockitoTestExecutionListener@55f23335, org.springframework.boot.test.autoconfigure.SpringBootDependencyInjectionTestExecutionListener@33837bd4, org.springframework.test.context.support.DirtiesContextTestExecutionListener@61c145cb, org.springframework.test.context.transaction.TransactionalTestExecutionListener@153409b8, org.springframework.test.context.jdbc.SqlScriptsTestExecutionListener@511bfbb0, org.springframework.test.context.event.EventPublishingTestExecutionListener@79ee779c, org.springframework.boot.test.autoconfigure.restdocs.RestDocsTestExecutionListener@126a9a77, org.springframework.boot.test.autoconfigure.web.client.MockRestServiceServerResetTestExecutionListener@27a6384b, org.springframework.boot.test.autoconfigure.web.servlet.MockMvcPrintOnlyOnFailureTestExecutionListener@29ee8174, org.springframework.boot.test.autoconfigure.web.servlet.WebDriverTestExecutionListener@23365142, org.springframework.boot.test.autoconfigure.webservices.client.MockWebServiceServerTestExecutionListener@6549ce71, org.springframework.boot.test.mock.mockito.ResetMocksTestExecutionListener@733bd6f3]
]]></system-out>
  <system-err><![CDATA[]]></system-err>
</testsuite>
