<?xml version="1.0" encoding="UTF-8"?>
<testsuite name="api.mongo.nosql.Service.MovieServiceTest" tests="4" skipped="0" failures="0" errors="0" timestamp="2023-08-31T05:05:06" hostname="DESKTOP-F3ILP0D" time="0.24">
  <properties/>
  <testcase name="delete()" classname="api.mongo.nosql.Service.MovieServiceTest" time="0.207"/>
  <testcase name="update()" classname="api.mongo.nosql.Service.MovieServiceTest" time="0.014"/>
  <testcase name="findFail()" classname="api.mongo.nosql.Service.MovieServiceTest" time="0.009"/>
  <testcase name="save()" classname="api.mongo.nosql.Service.MovieServiceTest" time="0.008"/>
  <system-out><![CDATA[2023-08-31 14:05:06.076  INFO 44136 --- [    Test worker] .b.t.c.SpringBootTestContextBootstrapper : Neither @ContextConfiguration nor @ContextHierarchy found for test class [api.mongo.nosql.Service.MovieServiceTest], using SpringBootContextLoader
2023-08-31 14:05:06.079  INFO 44136 --- [    Test worker] o.s.t.c.support.AbstractContextLoader    : Could not detect default resource locations for test class [api.mongo.nosql.Service.MovieServiceTest]: no resource found for suffixes {-context.xml, Context.groovy}.
2023-08-31 14:05:06.079  INFO 44136 --- [    Test worker] t.c.s.AnnotationConfigContextLoaderUtils : Could not detect default configuration classes for test class [api.mongo.nosql.Service.MovieServiceTest]: MovieServiceTest does not declare any static, non-private, non-final, nested classes annotated with @Configuration.
2023-08-31 14:05:06.096  INFO 44136 --- [    Test worker] .b.t.c.SpringBootTestContextBootstrapper : Found @SpringBootConfiguration api.mongo.nosql.NosqlApplication for test class api.mongo.nosql.Service.MovieServiceTest
2023-08-31 14:05:06.098  INFO 44136 --- [    Test worker] .b.t.c.SpringBootTestContextBootstrapper : Loaded default TestExecutionListener class names from location [META-INF/spring.factories]: [org.springframework.boot.test.autoconfigure.restdocs.RestDocsTestExecutionListener, org.springframework.boot.test.autoconfigure.web.client.MockRestServiceServerResetTestExecutionListener, org.springframework.boot.test.autoconfigure.web.servlet.MockMvcPrintOnlyOnFailureTestExecutionListener, org.springframework.boot.test.autoconfigure.web.servlet.WebDriverTestExecutionListener, org.springframework.boot.test.autoconfigure.webservices.client.MockWebServiceServerTestExecutionListener, org.springframework.boot.test.mock.mockito.MockitoTestExecutionListener, org.springframework.boot.test.mock.mockito.ResetMocksTestExecutionListener, org.springframework.test.context.web.ServletTestExecutionListener, org.springframework.test.context.support.DirtiesContextBeforeModesTestExecutionListener, org.springframework.test.context.event.ApplicationEventsTestExecutionListener, org.springframework.test.context.support.DependencyInjectionTestExecutionListener, org.springframework.test.context.support.DirtiesContextTestExecutionListener, org.springframework.test.context.transaction.TransactionalTestExecutionListener, org.springframework.test.context.jdbc.SqlScriptsTestExecutionListener, org.springframework.test.context.event.EventPublishingTestExecutionListener]
2023-08-31 14:05:06.098  INFO 44136 --- [    Test worker] .b.t.c.SpringBootTestContextBootstrapper : Using TestExecutionListeners: [org.springframework.test.context.web.ServletTestExecutionListener@2b9bbaa8, org.springframework.test.context.support.DirtiesContextBeforeModesTestExecutionListener@11771fd6, org.springframework.test.context.event.ApplicationEventsTestExecutionListener@1c512bb, org.springframework.boot.test.mock.mockito.MockitoTestExecutionListener@4d142b53, org.springframework.boot.test.autoconfigure.SpringBootDependencyInjectionTestExecutionListener@3bac86a3, org.springframework.test.context.support.DirtiesContextTestExecutionListener@128ca7af, org.springframework.test.context.transaction.TransactionalTestExecutionListener@3bf52f8f, org.springframework.test.context.jdbc.SqlScriptsTestExecutionListener@57d7c511, org.springframework.test.context.event.EventPublishingTestExecutionListener@811d8d6, org.springframework.boot.test.autoconfigure.restdocs.RestDocsTestExecutionListener@7f57a7a4, org.springframework.boot.test.autoconfigure.web.client.MockRestServiceServerResetTestExecutionListener@6dcc7696, org.springframework.boot.test.autoconfigure.web.servlet.MockMvcPrintOnlyOnFailureTestExecutionListener@45ac973, org.springframework.boot.test.autoconfigure.web.servlet.WebDriverTestExecutionListener@28b7646, org.springframework.boot.test.autoconfigure.webservices.client.MockWebServiceServerTestExecutionListener@40239b34, org.springframework.boot.test.mock.mockito.ResetMocksTestExecutionListener@4e553d60]
2023-08-31 14:05:06.194  INFO 44136 --- [       Thread-4] o.s.b.a.mongo.embedded.EmbeddedMongo     : 2023-08-31T14:05:06.194+0900 I NETWORK  [initandlisten] connection accepted from 127.0.0.1:50377 #3 (3 connections now open)
2023-08-31 14:05:06.195  INFO 44136 --- [    Test worker] org.mongodb.driver.connection            : Opened connection [connectionId{localValue:3, serverValue:3}] to localhost:50339
]]></system-out>
  <system-err><![CDATA[]]></system-err>
</testsuite>
