<?xml version="1.0" encoding="UTF-8"?>
<testsuite name="api.mongo.nosql.NosqlApplicationTests" tests="1" skipped="0" failures="0" errors="0" timestamp="2023-09-05T01:52:38" hostname="DESKTOP-F3ILP0D" time="0.002">
  <properties/>
  <testcase name="contextLoads()" classname="api.mongo.nosql.NosqlApplicationTests" time="0.002"/>
  <system-out><![CDATA[2023-09-05 10:52:38.950  INFO 26192 --- [    Test worker] .b.t.c.SpringBootTestContextBootstrapper : Neither @ContextConfiguration nor @ContextHierarchy found for test class [api.mongo.nosql.NosqlApplicationTests], using SpringBootContextLoader
2023-09-05 10:52:38.952  INFO 26192 --- [    Test worker] o.s.t.c.support.AbstractContextLoader    : Could not detect default resource locations for test class [api.mongo.nosql.NosqlApplicationTests]: no resource found for suffixes {-context.xml, Context.groovy}.
2023-09-05 10:52:38.953  INFO 26192 --- [    Test worker] t.c.s.AnnotationConfigContextLoaderUtils : Could not detect default configuration classes for test class [api.mongo.nosql.NosqlApplicationTests]: NosqlApplicationTests does not declare any static, non-private, non-final, nested classes annotated with @Configuration.
2023-09-05 10:52:38.959  INFO 26192 --- [    Test worker] .b.t.c.SpringBootTestContextBootstrapper : Found @SpringBootConfiguration api.mongo.nosql.NosqlApplication for test class api.mongo.nosql.NosqlApplicationTests
2023-09-05 10:52:38.961  INFO 26192 --- [    Test worker] .b.t.c.SpringBootTestContextBootstrapper : Loaded default TestExecutionListener class names from location [META-INF/spring.factories]: [org.springframework.boot.test.autoconfigure.restdocs.RestDocsTestExecutionListener, org.springframework.boot.test.autoconfigure.web.client.MockRestServiceServerResetTestExecutionListener, org.springframework.boot.test.autoconfigure.web.servlet.MockMvcPrintOnlyOnFailureTestExecutionListener, org.springframework.boot.test.autoconfigure.web.servlet.WebDriverTestExecutionListener, org.springframework.boot.test.autoconfigure.webservices.client.MockWebServiceServerTestExecutionListener, org.springframework.boot.test.mock.mockito.MockitoTestExecutionListener, org.springframework.boot.test.mock.mockito.ResetMocksTestExecutionListener, org.springframework.test.context.web.ServletTestExecutionListener, org.springframework.test.context.support.DirtiesContextBeforeModesTestExecutionListener, org.springframework.test.context.event.ApplicationEventsTestExecutionListener, org.springframework.test.context.support.DependencyInjectionTestExecutionListener, org.springframework.test.context.support.DirtiesContextTestExecutionListener, org.springframework.test.context.transaction.TransactionalTestExecutionListener, org.springframework.test.context.jdbc.SqlScriptsTestExecutionListener, org.springframework.test.context.event.EventPublishingTestExecutionListener]
2023-09-05 10:52:38.962  INFO 26192 --- [    Test worker] .b.t.c.SpringBootTestContextBootstrapper : Using TestExecutionListeners: [org.springframework.test.context.web.ServletTestExecutionListener@10f60e36, org.springframework.test.context.support.DirtiesContextBeforeModesTestExecutionListener@8ad182c, org.springframework.test.context.event.ApplicationEventsTestExecutionListener@7e84af34, org.springframework.boot.test.mock.mockito.MockitoTestExecutionListener@218e186b, org.springframework.boot.test.autoconfigure.SpringBootDependencyInjectionTestExecutionListener@12925d2, org.springframework.test.context.support.DirtiesContextTestExecutionListener@612531a3, org.springframework.test.context.transaction.TransactionalTestExecutionListener@3a83cfbc, org.springframework.test.context.jdbc.SqlScriptsTestExecutionListener@6b9fc5c7, org.springframework.test.context.event.EventPublishingTestExecutionListener@23d07ad3, org.springframework.boot.test.autoconfigure.restdocs.RestDocsTestExecutionListener@6b30ff23, org.springframework.boot.test.autoconfigure.web.client.MockRestServiceServerResetTestExecutionListener@4fea23d6, org.springframework.boot.test.autoconfigure.web.servlet.MockMvcPrintOnlyOnFailureTestExecutionListener@5ace6611, org.springframework.boot.test.autoconfigure.web.servlet.WebDriverTestExecutionListener@7a689979, org.springframework.boot.test.autoconfigure.webservices.client.MockWebServiceServerTestExecutionListener@164db8f0, org.springframework.boot.test.mock.mockito.ResetMocksTestExecutionListener@8a7cd7c]
]]></system-out>
  <system-err><![CDATA[]]></system-err>
</testsuite>
