<?xml version="1.0" encoding="UTF-8"?>
<testsuite name="api.mongo.nosql.Service.MovieServiceTest" tests="4" skipped="0" failures="0" errors="0" timestamp="2023-08-23T12:32:25" hostname="DESKTOP-F3ILP0D" time="0.461">
  <properties/>
  <testcase name="delete()" classname="api.mongo.nosql.Service.MovieServiceTest" time="0.406"/>
  <testcase name="update()" classname="api.mongo.nosql.Service.MovieServiceTest" time="0.017"/>
  <testcase name="findFail()" classname="api.mongo.nosql.Service.MovieServiceTest" time="0.02"/>
  <testcase name="save()" classname="api.mongo.nosql.Service.MovieServiceTest" time="0.014"/>
  <system-out><![CDATA[2023-08-23 21:32:25.626  INFO 41712 --- [    Test worker] .b.t.c.SpringBootTestContextBootstrapper : Neither @ContextConfiguration nor @ContextHierarchy found for test class [api.mongo.nosql.Service.MovieServiceTest], using SpringBootContextLoader
2023-08-23 21:32:25.627  INFO 41712 --- [    Test worker] o.s.t.c.support.AbstractContextLoader    : Could not detect default resource locations for test class [api.mongo.nosql.Service.MovieServiceTest]: no resource found for suffixes {-context.xml, Context.groovy}.
2023-08-23 21:32:25.627  INFO 41712 --- [    Test worker] t.c.s.AnnotationConfigContextLoaderUtils : Could not detect default configuration classes for test class [api.mongo.nosql.Service.MovieServiceTest]: MovieServiceTest does not declare any static, non-private, non-final, nested classes annotated with @Configuration.
2023-08-23 21:32:25.636  INFO 41712 --- [    Test worker] .b.t.c.SpringBootTestContextBootstrapper : Found @SpringBootConfiguration api.mongo.nosql.NosqlApplication for test class api.mongo.nosql.Service.MovieServiceTest
2023-08-23 21:32:25.638  INFO 41712 --- [    Test worker] .b.t.c.SpringBootTestContextBootstrapper : Loaded default TestExecutionListener class names from location [META-INF/spring.factories]: [org.springframework.boot.test.autoconfigure.restdocs.RestDocsTestExecutionListener, org.springframework.boot.test.autoconfigure.web.client.MockRestServiceServerResetTestExecutionListener, org.springframework.boot.test.autoconfigure.web.servlet.MockMvcPrintOnlyOnFailureTestExecutionListener, org.springframework.boot.test.autoconfigure.web.servlet.WebDriverTestExecutionListener, org.springframework.boot.test.autoconfigure.webservices.client.MockWebServiceServerTestExecutionListener, org.springframework.boot.test.mock.mockito.MockitoTestExecutionListener, org.springframework.boot.test.mock.mockito.ResetMocksTestExecutionListener, org.springframework.test.context.web.ServletTestExecutionListener, org.springframework.test.context.support.DirtiesContextBeforeModesTestExecutionListener, org.springframework.test.context.event.ApplicationEventsTestExecutionListener, org.springframework.test.context.support.DependencyInjectionTestExecutionListener, org.springframework.test.context.support.DirtiesContextTestExecutionListener, org.springframework.test.context.transaction.TransactionalTestExecutionListener, org.springframework.test.context.jdbc.SqlScriptsTestExecutionListener, org.springframework.test.context.event.EventPublishingTestExecutionListener]
2023-08-23 21:32:25.638  INFO 41712 --- [    Test worker] .b.t.c.SpringBootTestContextBootstrapper : Using TestExecutionListeners: [org.springframework.test.context.web.ServletTestExecutionListener@31204303, org.springframework.test.context.support.DirtiesContextBeforeModesTestExecutionListener@369fb99a, org.springframework.test.context.event.ApplicationEventsTestExecutionListener@81a8898, org.springframework.boot.test.mock.mockito.MockitoTestExecutionListener@d08f85a, org.springframework.boot.test.autoconfigure.SpringBootDependencyInjectionTestExecutionListener@3e839aa3, org.springframework.test.context.support.DirtiesContextTestExecutionListener@751bb780, org.springframework.test.context.transaction.TransactionalTestExecutionListener@2919aff3, org.springframework.test.context.jdbc.SqlScriptsTestExecutionListener@639948a2, org.springframework.test.context.event.EventPublishingTestExecutionListener@416d90f0, org.springframework.boot.test.autoconfigure.restdocs.RestDocsTestExecutionListener@696298ea, org.springframework.boot.test.autoconfigure.web.client.MockRestServiceServerResetTestExecutionListener@de0c402, org.springframework.boot.test.autoconfigure.web.servlet.MockMvcPrintOnlyOnFailureTestExecutionListener@24955144, org.springframework.boot.test.autoconfigure.web.servlet.WebDriverTestExecutionListener@9d2af36, org.springframework.boot.test.autoconfigure.webservices.client.MockWebServiceServerTestExecutionListener@740ad32e, org.springframework.boot.test.mock.mockito.ResetMocksTestExecutionListener@7f41d979]
2023-08-23 21:32:25.765  INFO 41712 --- [       Thread-4] o.s.b.a.mongo.embedded.EmbeddedMongo     : 2023-08-23T21:32:25.765+0900 I NETWORK  [initandlisten] connection accepted from 127.0.0.1:55647 #3 (3 connections now open)
2023-08-23 21:32:25.766  INFO 41712 --- [    Test worker] org.mongodb.driver.connection            : Opened connection [connectionId{localValue:3, serverValue:3}] to localhost:55644
2023-08-23 21:32:25.902  INFO 41712 --- [       Thread-4] o.s.b.a.mongo.embedded.EmbeddedMongo     : 2023-08-23T21:32:25.902+0900 I WRITE    [conn3] update test.movies query: { _id: "1" } update: { _id: "1", title: "AI", genres: "SF", year: 1999, related_movie: [], meta: {}, createdAt: new Date(1692793945649), _class: "api.mongo.nosql.Domain.model.MovieDTO" } keysExamined:0 docsExamined:0 nMatched:1 nModified:1 upsert:1 keyUpdates:0 writeConflicts:0 numYields:0 locks:{ Global: { acquireCount: { r: 3, w: 3 } }, Database: { acquireCount: { w: 2, W: 1 } }, Collection: { acquireCount: { w: 2 } } } 112ms
2023-08-23 21:32:25.903  INFO 41712 --- [       Thread-4] o.s.b.a.mongo.embedded.EmbeddedMongo     : 2023-08-23T21:32:25.902+0900 I COMMAND  [conn3] command test.$cmd command: update { update: "movies", ordered: true, updates: [ { q: { _id: "1" }, u: { _id: "1", title: "AI", genres: "SF", year: 1999, related_movie: [], meta: {}, createdAt: new Date(1692793945649), _class: "api.mongo.nosql.Domain.model.MovieDTO" }, upsert: true } ] } keyUpdates:0 writeConflicts:0 numYields:0 reslen:100 locks:{ Global: { acquireCount: { r: 3, w: 3 } }, Database: { acquireCount: { w: 2, W: 1 } }, Collection: { acquireCount: { w: 2 } } } protocol:op_query 112ms
]]></system-out>
  <system-err><![CDATA[]]></system-err>
</testsuite>
