<?xml version="1.0" encoding="UTF-8"?>
<testsuite name="api.mongo.nosql.insertNewFieldTests" tests="1" skipped="0" failures="0" errors="0" timestamp="2023-08-03T06:15:27" hostname="DESKTOP-F3ILP0D" time="0.336">
  <properties/>
  <testcase name="saveObject()" classname="api.mongo.nosql.insertNewFieldTests" time="0.336"/>
  <system-out><![CDATA[2023-08-03 15:15:27.317  INFO 21552 --- [    Test worker] .b.t.c.SpringBootTestContextBootstrapper : Neither @ContextConfiguration nor @ContextHierarchy found for test class [api.mongo.nosql.insertNewFieldTests], using SpringBootContextLoader
2023-08-03 15:15:27.318  INFO 21552 --- [    Test worker] o.s.t.c.support.AbstractContextLoader    : Could not detect default resource locations for test class [api.mongo.nosql.insertNewFieldTests]: no resource found for suffixes {-context.xml, Context.groovy}.
2023-08-03 15:15:27.318  INFO 21552 --- [    Test worker] t.c.s.AnnotationConfigContextLoaderUtils : Could not detect default configuration classes for test class [api.mongo.nosql.insertNewFieldTests]: insertNewFieldTests does not declare any static, non-private, non-final, nested classes annotated with @Configuration.
2023-08-03 15:15:27.320  INFO 21552 --- [    Test worker] .b.t.c.SpringBootTestContextBootstrapper : Found @SpringBootConfiguration api.mongo.nosql.NosqlApplication for test class api.mongo.nosql.insertNewFieldTests
2023-08-03 15:15:27.322  INFO 21552 --- [    Test worker] .b.t.c.SpringBootTestContextBootstrapper : Loaded default TestExecutionListener class names from location [META-INF/spring.factories]: [org.springframework.boot.test.autoconfigure.restdocs.RestDocsTestExecutionListener, org.springframework.boot.test.autoconfigure.web.client.MockRestServiceServerResetTestExecutionListener, org.springframework.boot.test.autoconfigure.web.servlet.MockMvcPrintOnlyOnFailureTestExecutionListener, org.springframework.boot.test.autoconfigure.web.servlet.WebDriverTestExecutionListener, org.springframework.boot.test.autoconfigure.webservices.client.MockWebServiceServerTestExecutionListener, org.springframework.boot.test.mock.mockito.MockitoTestExecutionListener, org.springframework.boot.test.mock.mockito.ResetMocksTestExecutionListener, org.springframework.test.context.web.ServletTestExecutionListener, org.springframework.test.context.support.DirtiesContextBeforeModesTestExecutionListener, org.springframework.test.context.event.ApplicationEventsTestExecutionListener, org.springframework.test.context.support.DependencyInjectionTestExecutionListener, org.springframework.test.context.support.DirtiesContextTestExecutionListener, org.springframework.test.context.transaction.TransactionalTestExecutionListener, org.springframework.test.context.jdbc.SqlScriptsTestExecutionListener, org.springframework.test.context.event.EventPublishingTestExecutionListener]
2023-08-03 15:15:27.323  INFO 21552 --- [    Test worker] .b.t.c.SpringBootTestContextBootstrapper : Using TestExecutionListeners: [org.springframework.test.context.web.ServletTestExecutionListener@79445efb, org.springframework.test.context.support.DirtiesContextBeforeModesTestExecutionListener@1592e540, org.springframework.test.context.event.ApplicationEventsTestExecutionListener@3e2772a9, org.springframework.boot.test.mock.mockito.MockitoTestExecutionListener@4449b273, org.springframework.boot.test.autoconfigure.SpringBootDependencyInjectionTestExecutionListener@1fa18f87, org.springframework.test.context.support.DirtiesContextTestExecutionListener@1d9bd1d6, org.springframework.test.context.transaction.TransactionalTestExecutionListener@18ac4af6, org.springframework.test.context.jdbc.SqlScriptsTestExecutionListener@117fb9ba, org.springframework.test.context.event.EventPublishingTestExecutionListener@2b1d1a5, org.springframework.boot.test.autoconfigure.restdocs.RestDocsTestExecutionListener@41e7a544, org.springframework.boot.test.autoconfigure.web.client.MockRestServiceServerResetTestExecutionListener@3b66ac74, org.springframework.boot.test.autoconfigure.web.servlet.MockMvcPrintOnlyOnFailureTestExecutionListener@573870cb, org.springframework.boot.test.autoconfigure.web.servlet.WebDriverTestExecutionListener@5b88af70, org.springframework.boot.test.autoconfigure.webservices.client.MockWebServiceServerTestExecutionListener@2739ecc0, org.springframework.boot.test.mock.mockito.ResetMocksTestExecutionListener@2932e15f]
2023-08-03 15:15:27.485  INFO 21552 --- [    Test worker] org.mongodb.driver.connection            : Opened connection [connectionId{localValue:3, serverValue:169}] to localhost:27017
]]></system-out>
  <system-err><![CDATA[]]></system-err>
</testsuite>
