<?xml version="1.0" encoding="UTF-8"?>
<testsuite name="api.mongo.nosql.NosqlApplicationTests" tests="1" skipped="0" failures="0" errors="0" timestamp="2023-08-23T12:32:25" hostname="DESKTOP-F3ILP0D" time="0.503">
  <properties/>
  <testcase name="contextLoads()" classname="api.mongo.nosql.NosqlApplicationTests" time="0.503"/>
  <system-out><![CDATA[21:32:20.348 [Test worker] DEBUG org.springframework.test.context.BootstrapUtils - Instantiating CacheAwareContextLoaderDelegate from class [org.springframework.test.context.cache.DefaultCacheAwareContextLoaderDelegate]
21:32:20.362 [Test worker] DEBUG org.springframework.test.context.BootstrapUtils - Instantiating BootstrapContext using constructor [public org.springframework.test.context.support.DefaultBootstrapContext(java.lang.Class,org.springframework.test.context.CacheAwareContextLoaderDelegate)]
21:32:20.410 [Test worker] DEBUG org.springframework.test.context.BootstrapUtils - Instantiating TestContextBootstrapper for test class [api.mongo.nosql.NosqlApplicationTests] from class [org.springframework.boot.test.context.SpringBootTestContextBootstrapper]
21:32:20.425 [Test worker] INFO org.springframework.boot.test.context.SpringBootTestContextBootstrapper - Neither @ContextConfiguration nor @ContextHierarchy found for test class [api.mongo.nosql.NosqlApplicationTests], using SpringBootContextLoader
21:32:20.431 [Test worker] DEBUG org.springframework.test.context.support.AbstractContextLoader - Did not detect default resource location for test class [api.mongo.nosql.NosqlApplicationTests]: class path resource [api/mongo/nosql/NosqlApplicationTests-context.xml] does not exist
21:32:20.431 [Test worker] DEBUG org.springframework.test.context.support.AbstractContextLoader - Did not detect default resource location for test class [api.mongo.nosql.NosqlApplicationTests]: class path resource [api/mongo/nosql/NosqlApplicationTestsContext.groovy] does not exist
21:32:20.431 [Test worker] INFO org.springframework.test.context.support.AbstractContextLoader - Could not detect default resource locations for test class [api.mongo.nosql.NosqlApplicationTests]: no resource found for suffixes {-context.xml, Context.groovy}.
21:32:20.432 [Test worker] INFO org.springframework.test.context.support.AnnotationConfigContextLoaderUtils - Could not detect default configuration classes for test class [api.mongo.nosql.NosqlApplicationTests]: NosqlApplicationTests does not declare any static, non-private, non-final, nested classes annotated with @Configuration.
21:32:20.491 [Test worker] DEBUG org.springframework.test.context.support.ActiveProfilesUtils - Could not find an 'annotation declaring class' for annotation type [org.springframework.test.context.ActiveProfiles] and class [api.mongo.nosql.NosqlApplicationTests]
21:32:20.572 [Test worker] DEBUG org.springframework.context.annotation.ClassPathScanningCandidateComponentProvider - Identified candidate component class: file [C:\Users\justi\eclipse-workspace\nosql\build\classes\java\main\api\mongo\nosql\NosqlApplication.class]
21:32:20.573 [Test worker] INFO org.springframework.boot.test.context.SpringBootTestContextBootstrapper - Found @SpringBootConfiguration api.mongo.nosql.NosqlApplication for test class api.mongo.nosql.NosqlApplicationTests
21:32:20.693 [Test worker] DEBUG org.springframework.boot.test.context.SpringBootTestContextBootstrapper - @TestExecutionListeners is not present for class [api.mongo.nosql.NosqlApplicationTests]: using defaults.
21:32:20.694 [Test worker] INFO org.springframework.boot.test.context.SpringBootTestContextBootstrapper - Loaded default TestExecutionListener class names from location [META-INF/spring.factories]: [org.springframework.boot.test.autoconfigure.restdocs.RestDocsTestExecutionListener, org.springframework.boot.test.autoconfigure.web.client.MockRestServiceServerResetTestExecutionListener, org.springframework.boot.test.autoconfigure.web.servlet.MockMvcPrintOnlyOnFailureTestExecutionListener, org.springframework.boot.test.autoconfigure.web.servlet.WebDriverTestExecutionListener, org.springframework.boot.test.autoconfigure.webservices.client.MockWebServiceServerTestExecutionListener, org.springframework.boot.test.mock.mockito.MockitoTestExecutionListener, org.springframework.boot.test.mock.mockito.ResetMocksTestExecutionListener, org.springframework.test.context.web.ServletTestExecutionListener, org.springframework.test.context.support.DirtiesContextBeforeModesTestExecutionListener, org.springframework.test.context.event.ApplicationEventsTestExecutionListener, org.springframework.test.context.support.DependencyInjectionTestExecutionListener, org.springframework.test.context.support.DirtiesContextTestExecutionListener, org.springframework.test.context.transaction.TransactionalTestExecutionListener, org.springframework.test.context.jdbc.SqlScriptsTestExecutionListener, org.springframework.test.context.event.EventPublishingTestExecutionListener]
21:32:20.723 [Test worker] INFO org.springframework.boot.test.context.SpringBootTestContextBootstrapper - Using TestExecutionListeners: [org.springframework.test.context.web.ServletTestExecutionListener@58dea0a5, org.springframework.test.context.support.DirtiesContextBeforeModesTestExecutionListener@2a2bb0eb, org.springframework.test.context.event.ApplicationEventsTestExecutionListener@3c291aad, org.springframework.boot.test.mock.mockito.MockitoTestExecutionListener@2d0566ba, org.springframework.boot.test.autoconfigure.SpringBootDependencyInjectionTestExecutionListener@733037, org.springframework.test.context.support.DirtiesContextTestExecutionListener@7728643a, org.springframework.test.context.transaction.TransactionalTestExecutionListener@320e400, org.springframework.test.context.jdbc.SqlScriptsTestExecutionListener@5167268, org.springframework.test.context.event.EventPublishingTestExecutionListener@1cfd1875, org.springframework.boot.test.autoconfigure.restdocs.RestDocsTestExecutionListener@28c0b664, org.springframework.boot.test.autoconfigure.web.client.MockRestServiceServerResetTestExecutionListener@2c444798, org.springframework.boot.test.autoconfigure.web.servlet.MockMvcPrintOnlyOnFailureTestExecutionListener@1af7f54a, org.springframework.boot.test.autoconfigure.web.servlet.WebDriverTestExecutionListener@6ebd78d1, org.springframework.boot.test.autoconfigure.webservices.client.MockWebServiceServerTestExecutionListener@436390f4, org.springframework.boot.test.mock.mockito.ResetMocksTestExecutionListener@4d157787]
21:32:20.728 [Test worker] DEBUG org.springframework.test.context.support.AbstractDirtiesContextTestExecutionListener - Before test class: context [DefaultTestContext@3704122f testClass = NosqlApplicationTests, testInstance = [null], testMethod = [null], testException = [null], mergedContextConfiguration = [WebMergedContextConfiguration@3153ddfc testClass = NosqlApplicationTests, locations = '{}', classes = '{class api.mongo.nosql.NosqlApplication}', contextInitializerClasses = '[]', activeProfiles = '{}', propertySourceLocations = '{}', propertySourceProperties = '{org.springframework.boot.test.context.SpringBootTestContextBootstrapper=true}', contextCustomizers = set[org.springframework.boot.test.autoconfigure.actuate.metrics.MetricsExportContextCustomizerFactory$DisableMetricExportContextCustomizer@4504d271, org.springframework.boot.test.autoconfigure.properties.PropertyMappingContextCustomizer@0, org.springframework.boot.test.autoconfigure.web.servlet.WebDriverContextCustomizerFactory$Customizer@79145d5a, org.springframework.boot.test.context.filter.ExcludeFilterContextCustomizer@505a9d7c, org.springframework.boot.test.json.DuplicateJsonObjectContextCustomizerFactory$DuplicateJsonObjectContextCustomizer@10993713, org.springframework.boot.test.mock.mockito.MockitoContextCustomizer@0, org.springframework.boot.test.web.client.TestRestTemplateContextCustomizer@a8e6492, org.springframework.boot.test.context.SpringBootTestArgs@1, org.springframework.boot.test.context.SpringBootTestWebEnvironment@75c56eb9], resourceBasePath = 'src/main/webapp', contextLoader = 'org.springframework.boot.test.context.SpringBootContextLoader', parent = [null]], attributes = map['org.springframework.test.context.web.ServletTestExecutionListener.activateListener' -> true]], class annotated with @DirtiesContext [false] with mode [null].

  .   ____          _            __ _ _
 /\\ / ___'_ __ _ _(_)_ __  __ _ \ \ \ \
( ( )\___ | '_ | '_| | '_ \/ _` | \ \ \ \
 \\/  ___)| |_)| | | | | || (_| |  ) ) ) )
  '  |____| .__|_| |_|_| |_\__, | / / / /
 =========|_|==============|___/=/_/_/_/
 :: Spring Boot ::               (v2.7.14)

2023-08-23 21:32:21.200  INFO 41712 --- [    Test worker] api.mongo.nosql.NosqlApplicationTests    : Starting NosqlApplicationTests using Java 11.0.17 on DESKTOP-F3ILP0D with PID 41712 (started by justi in C:\Users\justi\eclipse-workspace\nosql)
2023-08-23 21:32:21.201  INFO 41712 --- [    Test worker] api.mongo.nosql.NosqlApplicationTests    : The following 1 profile is active: "test"
2023-08-23 21:32:21.996  INFO 41712 --- [    Test worker] .s.d.r.c.RepositoryConfigurationDelegate : Bootstrapping Spring Data MongoDB repositories in DEFAULT mode.
2023-08-23 21:32:22.061  INFO 41712 --- [    Test worker] .s.d.r.c.RepositoryConfigurationDelegate : Finished Spring Data repository scanning in 59 ms. Found 2 MongoDB repository interfaces.
2023-08-23 21:32:23.075  INFO 41712 --- [       Thread-4] o.s.b.a.mongo.embedded.EmbeddedMongo     : note: noprealloc may hurt performance in many applications
2023-08-23 21:32:23.114  INFO 41712 --- [       Thread-4] o.s.b.a.mongo.embedded.EmbeddedMongo     : 2023-08-23T21:32:23.110+0900 I CONTROL  [initandlisten] MongoDB starting : pid=8380 port=55644 dbpath=C:\Users\justi\AppData\Local\Temp\embedmongo-db-cbb624d7-197f-4e3f-b0a5-29d8c1d9c6ef 64-bit host=DESKTOP-F3ILP0D
2023-08-23 21:32:23.115  INFO 41712 --- [       Thread-4] o.s.b.a.mongo.embedded.EmbeddedMongo     : 2023-08-23T21:32:23.114+0900 I CONTROL  [initandlisten] targetMinOS: Windows Vista/Windows Server 2008
2023-08-23 21:32:23.115  INFO 41712 --- [       Thread-4] o.s.b.a.mongo.embedded.EmbeddedMongo     : 2023-08-23T21:32:23.114+0900 I CONTROL  [initandlisten] db version v3.2.3
2023-08-23 21:32:23.115  INFO 41712 --- [       Thread-4] o.s.b.a.mongo.embedded.EmbeddedMongo     : 2023-08-23T21:32:23.114+0900 I CONTROL  [initandlisten] git version: b326ba837cf6f49d65c2f85e1b70f6f31ece7937
2023-08-23 21:32:23.115  INFO 41712 --- [       Thread-4] o.s.b.a.mongo.embedded.EmbeddedMongo     : 2023-08-23T21:32:23.114+0900 I CONTROL  [initandlisten] allocator: tcmalloc
2023-08-23 21:32:23.115  INFO 41712 --- [       Thread-4] o.s.b.a.mongo.embedded.EmbeddedMongo     : 2023-08-23T21:32:23.114+0900 I CONTROL  [initandlisten] modules: none
2023-08-23 21:32:23.115  INFO 41712 --- [       Thread-4] o.s.b.a.mongo.embedded.EmbeddedMongo     : 2023-08-23T21:32:23.114+0900 I CONTROL  [initandlisten] build environment:
2023-08-23 21:32:23.115  INFO 41712 --- [       Thread-4] o.s.b.a.mongo.embedded.EmbeddedMongo     : 2023-08-23T21:32:23.114+0900 I CONTROL  [initandlisten]     distarch: x86_64
2023-08-23 21:32:23.115  INFO 41712 --- [       Thread-4] o.s.b.a.mongo.embedded.EmbeddedMongo     : 2023-08-23T21:32:23.114+0900 I CONTROL  [initandlisten]     target_arch: x86_64
2023-08-23 21:32:23.116  INFO 41712 --- [       Thread-4] o.s.b.a.mongo.embedded.EmbeddedMongo     : 2023-08-23T21:32:23.114+0900 I CONTROL  [initandlisten] options: { net: { bindIp: "127.0.0.1", http: { enabled: false }, port: 55644 }, security: { authorization: "disabled" }, storage: { dbPath: "C:\Users\justi\AppData\Local\Temp\embedmongo-db-cbb624d7-197f-4e3f-b0a5-29d8c1d9c6ef", journal: { enabled: false }, mmapv1: { preallocDataFiles: false, smallFiles: true }, syncPeriodSecs: 0.0 } }
2023-08-23 21:32:23.119  INFO 41712 --- [       Thread-4] o.s.b.a.mongo.embedded.EmbeddedMongo     : 2023-08-23T21:32:23.117+0900 I STORAGE  [initandlisten] wiredtiger_open config: create,cache_size=8G,session_max=20000,eviction=(threads_max=4),config_base=false,statistics=(fast),log=(enabled=true,archive=true,path=journal,compressor=snappy),file_manager=(close_idle_time=100000),checkpoint=(wait=0,log_size=2GB),statistics_log=(wait=0),,log=(enabled=false),
2023-08-23 21:32:23.247  INFO 41712 --- [       Thread-4] o.s.b.a.mongo.embedded.EmbeddedMongo     : 2023-08-23T21:32:23.247+0900 W STORAGE  [initandlisten] Detected configuration for non-active storage engine mmapv1 when current storage engine is wiredTiger
2023-08-23 21:32:23.264  INFO 41712 --- [       Thread-4] o.s.b.a.mongo.embedded.EmbeddedMongo     : 2023-08-23T21:32:23.263+0900 I NETWORK  [HostnameCanonicalizationWorker] Starting hostname canonicalization worker
2023-08-23 21:32:23.264  INFO 41712 --- [       Thread-4] o.s.b.a.mongo.embedded.EmbeddedMongo     : 2023-08-23T21:32:23.264+0900 I FTDC     [initandlisten] Initializing full-time diagnostic data capture with directory 'C:/Users/justi/AppData/Local/Temp/embedmongo-db-cbb624d7-197f-4e3f-b0a5-29d8c1d9c6ef/diagnostic.data'
2023-08-23 21:32:23.305  INFO 41712 --- [       Thread-4] o.s.b.a.mongo.embedded.EmbeddedMongo     : 2023-08-23T21:32:23.305+0900 I NETWORK  [initandlisten] waiting for connections on port 55644
2023-08-23 21:32:23.306  INFO 41712 --- [    Test worker] d.f.embed.mongo.MongodExecutable         : start MongodConfig{version=GenericFeatureAwareVersion{3.2.3}, timeout=de.flapdoodle.embed.mongo.config.Timeout@5232e3f1, net=de.flapdoodle.embed.mongo.config.Net@6c8fe7a4, cmdOptions=MongoCmdOptions{syncDelay=0, useDefaultSyncDelay=false, isVerbose=false, useNoPrealloc=true, useSmallFiles=true, useNoJournal=true, enableTextSearch=false, auth=false, master=false}, password=, userName=, replication=de.flapdoodle.embed.mongo.config.Storage@2047981, isConfigServer=false, isShardServer=false, processListener=de.flapdoodle.embed.mongo.config.processlistener.NoopProcessListener@2ad99cf3, params={}, args={}, pidFile=mongod.pid, supportConfig=de.flapdoodle.embed.mongo.config.SupportConfig@6f31df32}
2023-08-23 21:32:23.488  INFO 41712 --- [       Thread-4] o.s.b.a.mongo.embedded.EmbeddedMongo     : 2023-08-23T21:32:23.487+0900 I NETWORK  [initandlisten] connection accepted from 127.0.0.1:55646 #1 (1 connection now open)
2023-08-23 21:32:23.488  INFO 41712 --- [       Thread-4] o.s.b.a.mongo.embedded.EmbeddedMongo     : 2023-08-23T21:32:23.488+0900 I NETWORK  [initandlisten] connection accepted from 127.0.0.1:55645 #2 (2 connections now open)
2023-08-23 21:32:23.508  INFO 41712 --- [    Test worker] org.mongodb.driver.client                : MongoClient with metadata {"driver": {"name": "mongo-java-driver|sync|spring-boot", "version": "4.6.1"}, "os": {"type": "Windows", "name": "Windows 11", "architecture": "amd64", "version": "10.0"}, "platform": "Java/Oracle Corporation/11.0.17+10-LTS-269"} created with settings MongoClientSettings{readPreference=primary, writeConcern=WriteConcern{w=null, wTimeout=null ms, journal=null}, retryWrites=true, retryReads=true, readConcern=ReadConcern{level=null}, credential=null, streamFactoryFactory=null, commandListeners=[], codecRegistry=ProvidersCodecRegistry{codecProviders=[ValueCodecProvider{}, BsonValueCodecProvider{}, DBRefCodecProvider{}, DBObjectCodecProvider{}, DocumentCodecProvider{}, IterableCodecProvider{}, MapCodecProvider{}, GeoJsonCodecProvider{}, GridFSFileCodecProvider{}, Jsr310CodecProvider{}, JsonObjectCodecProvider{}, BsonCodecProvider{}, EnumCodecProvider{}, com.mongodb.Jep395RecordCodecProvider@b379bc6]}, clusterSettings={hosts=[localhost:55644], srvServiceName=mongodb, mode=SINGLE, requiredClusterType=UNKNOWN, requiredReplicaSetName='null', serverSelector='null', clusterListeners='[]', serverSelectionTimeout='30000 ms', localThreshold='30000 ms'}, socketSettings=SocketSettings{connectTimeoutMS=10000, readTimeoutMS=0, receiveBufferSize=0, sendBufferSize=0}, heartbeatSocketSettings=SocketSettings{connectTimeoutMS=10000, readTimeoutMS=10000, receiveBufferSize=0, sendBufferSize=0}, connectionPoolSettings=ConnectionPoolSettings{maxSize=100, minSize=0, maxWaitTimeMS=120000, maxConnectionLifeTimeMS=0, maxConnectionIdleTimeMS=0, maintenanceInitialDelayMS=0, maintenanceFrequencyMS=60000, connectionPoolListeners=[], maxConnecting=2}, serverSettings=ServerSettings{heartbeatFrequencyMS=10000, minHeartbeatFrequencyMS=500, serverListeners='[]', serverMonitorListeners='[]'}, sslSettings=SslSettings{enabled=false, invalidHostNameAllowed=false, context=null}, applicationName='null', compressorList=[], uuidRepresentation=JAVA_LEGACY, serverApi=null, autoEncryptionSettings=null, contextProvider=null}
2023-08-23 21:32:23.517  INFO 41712 --- [localhost:55644] org.mongodb.driver.connection            : Opened connection [connectionId{localValue:1, serverValue:2}] to localhost:55644
2023-08-23 21:32:23.517  INFO 41712 --- [localhost:55644] org.mongodb.driver.connection            : Opened connection [connectionId{localValue:2, serverValue:1}] to localhost:55644
2023-08-23 21:32:23.517  INFO 41712 --- [localhost:55644] org.mongodb.driver.cluster               : Monitor thread successfully connected to server with description ServerDescription{address=localhost:55644, type=STANDALONE, state=CONNECTED, ok=true, minWireVersion=0, maxWireVersion=4, maxDocumentSize=16777216, logicalSessionTimeoutMinutes=null, roundTripTimeNanos=25784300}
2023-08-23 21:32:25.096  INFO 41712 --- [    Test worker] api.mongo.nosql.NosqlApplicationTests    : Started NosqlApplicationTests in 4.322 seconds (JVM running for 6.968)
]]></system-out>
  <system-err><![CDATA[]]></system-err>
</testsuite>
