<?xml version="1.0" encoding="UTF-8"?>
<testsuite name="api.mongo.nosql.Service.RelationshipServiceTest" tests="3" skipped="0" failures="0" errors="0" timestamp="2023-08-23T12:43:19" hostname="DESKTOP-F3ILP0D" time="0.153">
  <properties/>
  <testcase name="findOne()" classname="api.mongo.nosql.Service.RelationshipServiceTest" time="0.094"/>
  <testcase name="update()" classname="api.mongo.nosql.Service.RelationshipServiceTest" time="0.043"/>
  <testcase name="save()" classname="api.mongo.nosql.Service.RelationshipServiceTest" time="0.013"/>
  <system-out><![CDATA[2023-08-23 21:43:19.776  INFO 23372 --- [    Test worker] .b.t.c.SpringBootTestContextBootstrapper : Neither @ContextConfiguration nor @ContextHierarchy found for test class [api.mongo.nosql.Service.RelationshipServiceTest], using SpringBootContextLoader
2023-08-23 21:43:19.778  INFO 23372 --- [    Test worker] o.s.t.c.support.AbstractContextLoader    : Could not detect default resource locations for test class [api.mongo.nosql.Service.RelationshipServiceTest]: no resource found for suffixes {-context.xml, Context.groovy}.
2023-08-23 21:43:19.778  INFO 23372 --- [    Test worker] t.c.s.AnnotationConfigContextLoaderUtils : Could not detect default configuration classes for test class [api.mongo.nosql.Service.RelationshipServiceTest]: RelationshipServiceTest does not declare any static, non-private, non-final, nested classes annotated with @Configuration.
2023-08-23 21:43:19.781  INFO 23372 --- [    Test worker] .b.t.c.SpringBootTestContextBootstrapper : Found @SpringBootConfiguration api.mongo.nosql.NosqlApplication for test class api.mongo.nosql.Service.RelationshipServiceTest
2023-08-23 21:43:19.784  INFO 23372 --- [    Test worker] .b.t.c.SpringBootTestContextBootstrapper : Loaded default TestExecutionListener class names from location [META-INF/spring.factories]: [org.springframework.boot.test.autoconfigure.restdocs.RestDocsTestExecutionListener, org.springframework.boot.test.autoconfigure.web.client.MockRestServiceServerResetTestExecutionListener, org.springframework.boot.test.autoconfigure.web.servlet.MockMvcPrintOnlyOnFailureTestExecutionListener, org.springframework.boot.test.autoconfigure.web.servlet.WebDriverTestExecutionListener, org.springframework.boot.test.autoconfigure.webservices.client.MockWebServiceServerTestExecutionListener, org.springframework.boot.test.mock.mockito.MockitoTestExecutionListener, org.springframework.boot.test.mock.mockito.ResetMocksTestExecutionListener, org.springframework.test.context.web.ServletTestExecutionListener, org.springframework.test.context.support.DirtiesContextBeforeModesTestExecutionListener, org.springframework.test.context.event.ApplicationEventsTestExecutionListener, org.springframework.test.context.support.DependencyInjectionTestExecutionListener, org.springframework.test.context.support.DirtiesContextTestExecutionListener, org.springframework.test.context.transaction.TransactionalTestExecutionListener, org.springframework.test.context.jdbc.SqlScriptsTestExecutionListener, org.springframework.test.context.event.EventPublishingTestExecutionListener]
2023-08-23 21:43:19.785  INFO 23372 --- [    Test worker] .b.t.c.SpringBootTestContextBootstrapper : Using TestExecutionListeners: [org.springframework.test.context.web.ServletTestExecutionListener@3ca6bd01, org.springframework.test.context.support.DirtiesContextBeforeModesTestExecutionListener@5acd7d1c, org.springframework.test.context.event.ApplicationEventsTestExecutionListener@6b52a40, org.springframework.boot.test.mock.mockito.MockitoTestExecutionListener@178ba69f, org.springframework.boot.test.autoconfigure.SpringBootDependencyInjectionTestExecutionListener@1e4c4fda, org.springframework.test.context.support.DirtiesContextTestExecutionListener@2f58f492, org.springframework.test.context.transaction.TransactionalTestExecutionListener@903c13, org.springframework.test.context.jdbc.SqlScriptsTestExecutionListener@4ae5ddc0, org.springframework.test.context.event.EventPublishingTestExecutionListener@36ab69d9, org.springframework.boot.test.autoconfigure.restdocs.RestDocsTestExecutionListener@5ebfe7fa, org.springframework.boot.test.autoconfigure.web.client.MockRestServiceServerResetTestExecutionListener@5f4e389a, org.springframework.boot.test.autoconfigure.web.servlet.MockMvcPrintOnlyOnFailureTestExecutionListener@3ba1f56e, org.springframework.boot.test.autoconfigure.web.servlet.WebDriverTestExecutionListener@56a9b662, org.springframework.boot.test.autoconfigure.webservices.client.MockWebServiceServerTestExecutionListener@77881b7a, org.springframework.boot.test.mock.mockito.ResetMocksTestExecutionListener@59ac77f9]
]]></system-out>
  <system-err><![CDATA[]]></system-err>
</testsuite>
