<?xml version="1.0" encoding="UTF-8"?>
<testsuite name="api.mongo.nosql.Service.RelationshipServiceTest" tests="3" skipped="0" failures="0" errors="0" timestamp="2023-09-05T01:52:39" hostname="DESKTOP-F3ILP0D" time="0.113">
  <properties/>
  <testcase name="findOne()" classname="api.mongo.nosql.Service.RelationshipServiceTest" time="0.074"/>
  <testcase name="update()" classname="api.mongo.nosql.Service.RelationshipServiceTest" time="0.03"/>
  <testcase name="save()" classname="api.mongo.nosql.Service.RelationshipServiceTest" time="0.008"/>
  <system-out><![CDATA[2023-09-05 10:52:39.237  INFO 26192 --- [    Test worker] .b.t.c.SpringBootTestContextBootstrapper : Neither @ContextConfiguration nor @ContextHierarchy found for test class [api.mongo.nosql.Service.RelationshipServiceTest], using SpringBootContextLoader
2023-09-05 10:52:39.238  INFO 26192 --- [    Test worker] o.s.t.c.support.AbstractContextLoader    : Could not detect default resource locations for test class [api.mongo.nosql.Service.RelationshipServiceTest]: no resource found for suffixes {-context.xml, Context.groovy}.
2023-09-05 10:52:39.238  INFO 26192 --- [    Test worker] t.c.s.AnnotationConfigContextLoaderUtils : Could not detect default configuration classes for test class [api.mongo.nosql.Service.RelationshipServiceTest]: RelationshipServiceTest does not declare any static, non-private, non-final, nested classes annotated with @Configuration.
2023-09-05 10:52:39.240  INFO 26192 --- [    Test worker] .b.t.c.SpringBootTestContextBootstrapper : Found @SpringBootConfiguration api.mongo.nosql.NosqlApplication for test class api.mongo.nosql.Service.RelationshipServiceTest
2023-09-05 10:52:39.242  INFO 26192 --- [    Test worker] .b.t.c.SpringBootTestContextBootstrapper : Loaded default TestExecutionListener class names from location [META-INF/spring.factories]: [org.springframework.boot.test.autoconfigure.restdocs.RestDocsTestExecutionListener, org.springframework.boot.test.autoconfigure.web.client.MockRestServiceServerResetTestExecutionListener, org.springframework.boot.test.autoconfigure.web.servlet.MockMvcPrintOnlyOnFailureTestExecutionListener, org.springframework.boot.test.autoconfigure.web.servlet.WebDriverTestExecutionListener, org.springframework.boot.test.autoconfigure.webservices.client.MockWebServiceServerTestExecutionListener, org.springframework.boot.test.mock.mockito.MockitoTestExecutionListener, org.springframework.boot.test.mock.mockito.ResetMocksTestExecutionListener, org.springframework.test.context.web.ServletTestExecutionListener, org.springframework.test.context.support.DirtiesContextBeforeModesTestExecutionListener, org.springframework.test.context.event.ApplicationEventsTestExecutionListener, org.springframework.test.context.support.DependencyInjectionTestExecutionListener, org.springframework.test.context.support.DirtiesContextTestExecutionListener, org.springframework.test.context.transaction.TransactionalTestExecutionListener, org.springframework.test.context.jdbc.SqlScriptsTestExecutionListener, org.springframework.test.context.event.EventPublishingTestExecutionListener]
2023-09-05 10:52:39.243  INFO 26192 --- [    Test worker] .b.t.c.SpringBootTestContextBootstrapper : Using TestExecutionListeners: [org.springframework.test.context.web.ServletTestExecutionListener@7611e295, org.springframework.test.context.support.DirtiesContextBeforeModesTestExecutionListener@6d40a2b, org.springframework.test.context.event.ApplicationEventsTestExecutionListener@a7fd77f, org.springframework.boot.test.mock.mockito.MockitoTestExecutionListener@49faf815, org.springframework.boot.test.autoconfigure.SpringBootDependencyInjectionTestExecutionListener@3006aef5, org.springframework.test.context.support.DirtiesContextTestExecutionListener@16257f8c, org.springframework.test.context.transaction.TransactionalTestExecutionListener@62158618, org.springframework.test.context.jdbc.SqlScriptsTestExecutionListener@7c31e01f, org.springframework.test.context.event.EventPublishingTestExecutionListener@7945986a, org.springframework.boot.test.autoconfigure.restdocs.RestDocsTestExecutionListener@442151d1, org.springframework.boot.test.autoconfigure.web.client.MockRestServiceServerResetTestExecutionListener@aca2a0b, org.springframework.boot.test.autoconfigure.web.servlet.MockMvcPrintOnlyOnFailureTestExecutionListener@79080255, org.springframework.boot.test.autoconfigure.web.servlet.WebDriverTestExecutionListener@2cdb53d6, org.springframework.boot.test.autoconfigure.webservices.client.MockWebServiceServerTestExecutionListener@62ba3045, org.springframework.boot.test.mock.mockito.ResetMocksTestExecutionListener@397bd46b]
]]></system-out>
  <system-err><![CDATA[]]></system-err>
</testsuite>
