<?xml version="1.0" encoding="UTF-8"?>
<testsuite name="api.mongo.nosql.NosqlApplicationTests" tests="1" skipped="0" failures="0" errors="0" timestamp="2023-08-31T05:04:58" hostname="DESKTOP-F3ILP0D" time="0.516">
  <properties/>
  <testcase name="contextLoads()" classname="api.mongo.nosql.NosqlApplicationTests" time="0.516"/>
  <system-out><![CDATA[14:04:52.634 [Test worker] DEBUG org.springframework.test.context.BootstrapUtils - Instantiating CacheAwareContextLoaderDelegate from class [org.springframework.test.context.cache.DefaultCacheAwareContextLoaderDelegate]
14:04:52.650 [Test worker] DEBUG org.springframework.test.context.BootstrapUtils - Instantiating BootstrapContext using constructor [public org.springframework.test.context.support.DefaultBootstrapContext(java.lang.Class,org.springframework.test.context.CacheAwareContextLoaderDelegate)]
14:04:52.698 [Test worker] DEBUG org.springframework.test.context.BootstrapUtils - Instantiating TestContextBootstrapper for test class [api.mongo.nosql.NosqlApplicationTests] from class [org.springframework.boot.test.context.SpringBootTestContextBootstrapper]
14:04:52.713 [Test worker] INFO org.springframework.boot.test.context.SpringBootTestContextBootstrapper - Neither @ContextConfiguration nor @ContextHierarchy found for test class [api.mongo.nosql.NosqlApplicationTests], using SpringBootContextLoader
14:04:52.718 [Test worker] DEBUG org.springframework.test.context.support.AbstractContextLoader - Did not detect default resource location for test class [api.mongo.nosql.NosqlApplicationTests]: class path resource [api/mongo/nosql/NosqlApplicationTests-context.xml] does not exist
14:04:52.719 [Test worker] DEBUG org.springframework.test.context.support.AbstractContextLoader - Did not detect default resource location for test class [api.mongo.nosql.NosqlApplicationTests]: class path resource [api/mongo/nosql/NosqlApplicationTestsContext.groovy] does not exist
14:04:52.719 [Test worker] INFO org.springframework.test.context.support.AbstractContextLoader - Could not detect default resource locations for test class [api.mongo.nosql.NosqlApplicationTests]: no resource found for suffixes {-context.xml, Context.groovy}.
14:04:52.720 [Test worker] INFO org.springframework.test.context.support.AnnotationConfigContextLoaderUtils - Could not detect default configuration classes for test class [api.mongo.nosql.NosqlApplicationTests]: NosqlApplicationTests does not declare any static, non-private, non-final, nested classes annotated with @Configuration.
14:04:52.778 [Test worker] DEBUG org.springframework.test.context.support.ActiveProfilesUtils - Could not find an 'annotation declaring class' for annotation type [org.springframework.test.context.ActiveProfiles] and class [api.mongo.nosql.NosqlApplicationTests]
14:04:52.854 [Test worker] DEBUG org.springframework.context.annotation.ClassPathScanningCandidateComponentProvider - Identified candidate component class: file [C:\Users\justi\eclipse-workspace\nosql\build\classes\java\main\api\mongo\nosql\NosqlApplication.class]
14:04:52.856 [Test worker] INFO org.springframework.boot.test.context.SpringBootTestContextBootstrapper - Found @SpringBootConfiguration api.mongo.nosql.NosqlApplication for test class api.mongo.nosql.NosqlApplicationTests
14:04:52.979 [Test worker] DEBUG org.springframework.boot.test.context.SpringBootTestContextBootstrapper - @TestExecutionListeners is not present for class [api.mongo.nosql.NosqlApplicationTests]: using defaults.
14:04:52.980 [Test worker] INFO org.springframework.boot.test.context.SpringBootTestContextBootstrapper - Loaded default TestExecutionListener class names from location [META-INF/spring.factories]: [org.springframework.boot.test.autoconfigure.restdocs.RestDocsTestExecutionListener, org.springframework.boot.test.autoconfigure.web.client.MockRestServiceServerResetTestExecutionListener, org.springframework.boot.test.autoconfigure.web.servlet.MockMvcPrintOnlyOnFailureTestExecutionListener, org.springframework.boot.test.autoconfigure.web.servlet.WebDriverTestExecutionListener, org.springframework.boot.test.autoconfigure.webservices.client.MockWebServiceServerTestExecutionListener, org.springframework.boot.test.mock.mockito.MockitoTestExecutionListener, org.springframework.boot.test.mock.mockito.ResetMocksTestExecutionListener, org.springframework.test.context.web.ServletTestExecutionListener, org.springframework.test.context.support.DirtiesContextBeforeModesTestExecutionListener, org.springframework.test.context.event.ApplicationEventsTestExecutionListener, org.springframework.test.context.support.DependencyInjectionTestExecutionListener, org.springframework.test.context.support.DirtiesContextTestExecutionListener, org.springframework.test.context.transaction.TransactionalTestExecutionListener, org.springframework.test.context.jdbc.SqlScriptsTestExecutionListener, org.springframework.test.context.event.EventPublishingTestExecutionListener]
14:04:53.001 [Test worker] INFO org.springframework.boot.test.context.SpringBootTestContextBootstrapper - Using TestExecutionListeners: [org.springframework.test.context.web.ServletTestExecutionListener@1deb2c43, org.springframework.test.context.support.DirtiesContextBeforeModesTestExecutionListener@3bb9efbc, org.springframework.test.context.event.ApplicationEventsTestExecutionListener@1cefc4b3, org.springframework.boot.test.mock.mockito.MockitoTestExecutionListener@2b27cc70, org.springframework.boot.test.autoconfigure.SpringBootDependencyInjectionTestExecutionListener@6f6a7463, org.springframework.test.context.support.DirtiesContextTestExecutionListener@1bdaa23d, org.springframework.test.context.transaction.TransactionalTestExecutionListener@79f227a9, org.springframework.test.context.jdbc.SqlScriptsTestExecutionListener@6ca320ab, org.springframework.test.context.event.EventPublishingTestExecutionListener@50d68830, org.springframework.boot.test.autoconfigure.restdocs.RestDocsTestExecutionListener@1e53135d, org.springframework.boot.test.autoconfigure.web.client.MockRestServiceServerResetTestExecutionListener@7674a051, org.springframework.boot.test.autoconfigure.web.servlet.MockMvcPrintOnlyOnFailureTestExecutionListener@3a7704c, org.springframework.boot.test.autoconfigure.web.servlet.WebDriverTestExecutionListener@6754ef00, org.springframework.boot.test.autoconfigure.webservices.client.MockWebServiceServerTestExecutionListener@619bd14c, org.springframework.boot.test.mock.mockito.ResetMocksTestExecutionListener@323e8306]
14:04:53.005 [Test worker] DEBUG org.springframework.test.context.support.AbstractDirtiesContextTestExecutionListener - Before test class: context [DefaultTestContext@3e792ce3 testClass = NosqlApplicationTests, testInstance = [null], testMethod = [null], testException = [null], mergedContextConfiguration = [WebMergedContextConfiguration@53bc1328 testClass = NosqlApplicationTests, locations = '{}', classes = '{class api.mongo.nosql.NosqlApplication}', contextInitializerClasses = '[]', activeProfiles = '{}', propertySourceLocations = '{}', propertySourceProperties = '{org.springframework.boot.test.context.SpringBootTestContextBootstrapper=true}', contextCustomizers = set[org.springframework.boot.test.autoconfigure.actuate.metrics.MetricsExportContextCustomizerFactory$DisableMetricExportContextCustomizer@5af3a0f, org.springframework.boot.test.autoconfigure.properties.PropertyMappingContextCustomizer@0, org.springframework.boot.test.autoconfigure.web.servlet.WebDriverContextCustomizerFactory$Customizer@662f5666, org.springframework.boot.test.context.filter.ExcludeFilterContextCustomizer@502f1f4c, org.springframework.boot.test.json.DuplicateJsonObjectContextCustomizerFactory$DuplicateJsonObjectContextCustomizer@4fbda97b, org.springframework.boot.test.mock.mockito.MockitoContextCustomizer@0, org.springframework.boot.test.web.client.TestRestTemplateContextCustomizer@590c73d3, org.springframework.boot.test.context.SpringBootTestArgs@1, org.springframework.boot.test.context.SpringBootTestWebEnvironment@16c069df], resourceBasePath = 'src/main/webapp', contextLoader = 'org.springframework.boot.test.context.SpringBootContextLoader', parent = [null]], attributes = map['org.springframework.test.context.web.ServletTestExecutionListener.activateListener' -> true]], class annotated with @DirtiesContext [false] with mode [null].

  .   ____          _            __ _ _
 /\\ / ___'_ __ _ _(_)_ __  __ _ \ \ \ \
( ( )\___ | '_ | '_| | '_ \/ _` | \ \ \ \
 \\/  ___)| |_)| | | | | || (_| |  ) ) ) )
  '  |____| .__|_| |_|_| |_\__, | / / / /
 =========|_|==============|___/=/_/_/_/
 :: Spring Boot ::               (v2.7.14)

2023-08-31 14:04:53.493  INFO 44136 --- [    Test worker] api.mongo.nosql.NosqlApplicationTests    : Starting NosqlApplicationTests using Java 11.0.17 on DESKTOP-F3ILP0D with PID 44136 (started by justi in C:\Users\justi\eclipse-workspace\nosql)
2023-08-31 14:04:53.494  INFO 44136 --- [    Test worker] api.mongo.nosql.NosqlApplicationTests    : The following 1 profile is active: "test"
2023-08-31 14:04:54.189  INFO 44136 --- [    Test worker] .s.d.r.c.RepositoryConfigurationDelegate : Multiple Spring Data modules found, entering strict repository configuration mode
2023-08-31 14:04:54.190  INFO 44136 --- [    Test worker] .s.d.r.c.RepositoryConfigurationDelegate : Bootstrapping Spring Data MongoDB repositories in DEFAULT mode.
2023-08-31 14:04:54.257  INFO 44136 --- [    Test worker] .s.d.r.c.RepositoryConfigurationDelegate : Finished Spring Data repository scanning in 60 ms. Found 2 MongoDB repository interfaces.
2023-08-31 14:04:54.259  INFO 44136 --- [    Test worker] .s.d.r.c.RepositoryConfigurationDelegate : Multiple Spring Data modules found, entering strict repository configuration mode
2023-08-31 14:04:54.260  INFO 44136 --- [    Test worker] .s.d.r.c.RepositoryConfigurationDelegate : Bootstrapping Spring Data Neo4j repositories in DEFAULT mode.
2023-08-31 14:04:54.271  INFO 44136 --- [    Test worker] .s.d.r.c.RepositoryConfigurationDelegate : Finished Spring Data repository scanning in 9 ms. Found 1 Neo4j repository interfaces.
2023-08-31 14:04:55.403  INFO 44136 --- [       Thread-4] o.s.b.a.mongo.embedded.EmbeddedMongo     : note: noprealloc may hurt performance in many applications
2023-08-31 14:04:55.415  INFO 44136 --- [       Thread-4] o.s.b.a.mongo.embedded.EmbeddedMongo     : 2023-08-31T14:04:55.413+0900 I CONTROL  [initandlisten] MongoDB starting : pid=42880 port=50339 dbpath=C:\Users\justi\AppData\Local\Temp\embedmongo-db-eecf9c3d-5a92-45d9-8618-b424cad618ab 64-bit host=DESKTOP-F3ILP0D
2023-08-31 14:04:55.416  INFO 44136 --- [       Thread-4] o.s.b.a.mongo.embedded.EmbeddedMongo     : 2023-08-31T14:04:55.415+0900 I CONTROL  [initandlisten] targetMinOS: Windows Vista/Windows Server 2008
2023-08-31 14:04:55.416  INFO 44136 --- [       Thread-4] o.s.b.a.mongo.embedded.EmbeddedMongo     : 2023-08-31T14:04:55.415+0900 I CONTROL  [initandlisten] db version v3.2.3
2023-08-31 14:04:55.416  INFO 44136 --- [       Thread-4] o.s.b.a.mongo.embedded.EmbeddedMongo     : 2023-08-31T14:04:55.415+0900 I CONTROL  [initandlisten] git version: b326ba837cf6f49d65c2f85e1b70f6f31ece7937
2023-08-31 14:04:55.416  INFO 44136 --- [       Thread-4] o.s.b.a.mongo.embedded.EmbeddedMongo     : 2023-08-31T14:04:55.415+0900 I CONTROL  [initandlisten] allocator: tcmalloc
2023-08-31 14:04:55.417  INFO 44136 --- [       Thread-4] o.s.b.a.mongo.embedded.EmbeddedMongo     : 2023-08-31T14:04:55.415+0900 I CONTROL  [initandlisten] modules: none
2023-08-31 14:04:55.417  INFO 44136 --- [       Thread-4] o.s.b.a.mongo.embedded.EmbeddedMongo     : 2023-08-31T14:04:55.415+0900 I CONTROL  [initandlisten] build environment:
2023-08-31 14:04:55.417  INFO 44136 --- [       Thread-4] o.s.b.a.mongo.embedded.EmbeddedMongo     : 2023-08-31T14:04:55.415+0900 I CONTROL  [initandlisten]     distarch: x86_64
2023-08-31 14:04:55.417  INFO 44136 --- [       Thread-4] o.s.b.a.mongo.embedded.EmbeddedMongo     : 2023-08-31T14:04:55.415+0900 I CONTROL  [initandlisten]     target_arch: x86_64
2023-08-31 14:04:55.417  INFO 44136 --- [       Thread-4] o.s.b.a.mongo.embedded.EmbeddedMongo     : 2023-08-31T14:04:55.415+0900 I CONTROL  [initandlisten] options: { net: { bindIp: "127.0.0.1", http: { enabled: false }, port: 50339 }, security: { authorization: "disabled" }, storage: { dbPath: "C:\Users\justi\AppData\Local\Temp\embedmongo-db-eecf9c3d-5a92-45d9-8618-b424cad618ab", journal: { enabled: false }, mmapv1: { preallocDataFiles: false, smallFiles: true }, syncPeriodSecs: 0.0 } }
2023-08-31 14:04:55.418  INFO 44136 --- [       Thread-4] o.s.b.a.mongo.embedded.EmbeddedMongo     : 2023-08-31T14:04:55.418+0900 I STORAGE  [initandlisten] wiredtiger_open config: create,cache_size=8G,session_max=20000,eviction=(threads_max=4),config_base=false,statistics=(fast),log=(enabled=true,archive=true,path=journal,compressor=snappy),file_manager=(close_idle_time=100000),checkpoint=(wait=0,log_size=2GB),statistics_log=(wait=0),,log=(enabled=false),
2023-08-31 14:04:55.831  INFO 44136 --- [       Thread-4] o.s.b.a.mongo.embedded.EmbeddedMongo     : 2023-08-31T14:04:55.831+0900 W STORAGE  [initandlisten] Detected configuration for non-active storage engine mmapv1 when current storage engine is wiredTiger
2023-08-31 14:04:55.834  INFO 44136 --- [       Thread-4] o.s.b.a.mongo.embedded.EmbeddedMongo     : 2023-08-31T14:04:55.834+0900 I NETWORK  [HostnameCanonicalizationWorker] Starting hostname canonicalization worker
2023-08-31 14:04:55.834  INFO 44136 --- [       Thread-4] o.s.b.a.mongo.embedded.EmbeddedMongo     : 2023-08-31T14:04:55.834+0900 I FTDC     [initandlisten] Initializing full-time diagnostic data capture with directory 'C:/Users/justi/AppData/Local/Temp/embedmongo-db-eecf9c3d-5a92-45d9-8618-b424cad618ab/diagnostic.data'
2023-08-31 14:04:55.874  INFO 44136 --- [       Thread-4] o.s.b.a.mongo.embedded.EmbeddedMongo     : 2023-08-31T14:04:55.874+0900 I NETWORK  [initandlisten] waiting for connections on port 50339
2023-08-31 14:04:55.875  INFO 44136 --- [    Test worker] d.f.embed.mongo.MongodExecutable         : start MongodConfig{version=GenericFeatureAwareVersion{3.2.3}, timeout=de.flapdoodle.embed.mongo.config.Timeout@19da993b, net=de.flapdoodle.embed.mongo.config.Net@3380ca3d, cmdOptions=MongoCmdOptions{syncDelay=0, useDefaultSyncDelay=false, isVerbose=false, useNoPrealloc=true, useSmallFiles=true, useNoJournal=true, enableTextSearch=false, auth=false, master=false}, password=, userName=, replication=de.flapdoodle.embed.mongo.config.Storage@23310248, isConfigServer=false, isShardServer=false, processListener=de.flapdoodle.embed.mongo.config.processlistener.NoopProcessListener@c2df90e, params={}, args={}, pidFile=mongod.pid, supportConfig=de.flapdoodle.embed.mongo.config.SupportConfig@41f3aaf1}
2023-08-31 14:04:56.052  INFO 44136 --- [       Thread-4] o.s.b.a.mongo.embedded.EmbeddedMongo     : 2023-08-31T14:04:56.051+0900 I NETWORK  [initandlisten] connection accepted from 127.0.0.1:50341 #1 (1 connection now open)
2023-08-31 14:04:56.052  INFO 44136 --- [       Thread-4] o.s.b.a.mongo.embedded.EmbeddedMongo     : 2023-08-31T14:04:56.052+0900 I NETWORK  [initandlisten] connection accepted from 127.0.0.1:50340 #2 (2 connections now open)
2023-08-31 14:04:56.069  INFO 44136 --- [    Test worker] org.mongodb.driver.client                : MongoClient with metadata {"driver": {"name": "mongo-java-driver|sync|spring-boot", "version": "4.6.1"}, "os": {"type": "Windows", "name": "Windows 11", "architecture": "amd64", "version": "10.0"}, "platform": "Java/Oracle Corporation/11.0.17+10-LTS-269"} created with settings MongoClientSettings{readPreference=primary, writeConcern=WriteConcern{w=null, wTimeout=null ms, journal=null}, retryWrites=true, retryReads=true, readConcern=ReadConcern{level=null}, credential=null, streamFactoryFactory=null, commandListeners=[], codecRegistry=ProvidersCodecRegistry{codecProviders=[ValueCodecProvider{}, BsonValueCodecProvider{}, DBRefCodecProvider{}, DBObjectCodecProvider{}, DocumentCodecProvider{}, IterableCodecProvider{}, MapCodecProvider{}, GeoJsonCodecProvider{}, GridFSFileCodecProvider{}, Jsr310CodecProvider{}, JsonObjectCodecProvider{}, BsonCodecProvider{}, EnumCodecProvider{}, com.mongodb.Jep395RecordCodecProvider@17c4dc5b]}, clusterSettings={hosts=[localhost:50339], srvServiceName=mongodb, mode=SINGLE, requiredClusterType=UNKNOWN, requiredReplicaSetName='null', serverSelector='null', clusterListeners='[]', serverSelectionTimeout='30000 ms', localThreshold='30000 ms'}, socketSettings=SocketSettings{connectTimeoutMS=10000, readTimeoutMS=0, receiveBufferSize=0, sendBufferSize=0}, heartbeatSocketSettings=SocketSettings{connectTimeoutMS=10000, readTimeoutMS=10000, receiveBufferSize=0, sendBufferSize=0}, connectionPoolSettings=ConnectionPoolSettings{maxSize=100, minSize=0, maxWaitTimeMS=120000, maxConnectionLifeTimeMS=0, maxConnectionIdleTimeMS=0, maintenanceInitialDelayMS=0, maintenanceFrequencyMS=60000, connectionPoolListeners=[], maxConnecting=2}, serverSettings=ServerSettings{heartbeatFrequencyMS=10000, minHeartbeatFrequencyMS=500, serverListeners='[]', serverMonitorListeners='[]'}, sslSettings=SslSettings{enabled=false, invalidHostNameAllowed=false, context=null}, applicationName='null', compressorList=[], uuidRepresentation=JAVA_LEGACY, serverApi=null, autoEncryptionSettings=null, contextProvider=null}
2023-08-31 14:04:56.081  INFO 44136 --- [localhost:50339] org.mongodb.driver.connection            : Opened connection [connectionId{localValue:2, serverValue:2}] to localhost:50339
2023-08-31 14:04:56.081  INFO 44136 --- [localhost:50339] org.mongodb.driver.connection            : Opened connection [connectionId{localValue:1, serverValue:1}] to localhost:50339
2023-08-31 14:04:56.082  INFO 44136 --- [localhost:50339] org.mongodb.driver.cluster               : Monitor thread successfully connected to server with description ServerDescription{address=localhost:50339, type=STANDALONE, state=CONNECTED, ok=true, minWireVersion=0, maxWireVersion=4, maxDocumentSize=16777216, logicalSessionTimeoutMinutes=null, roundTripTimeNanos=26090100}
2023-08-31 14:04:56.985  INFO 44136 --- [    Test worker] org.neo4j.driver.internal.DriverFactory  : Routing driver instance 2146473561 created for server address 2be1f8f5.databases.neo4j.io:7687
2023-08-31 14:04:58.395  INFO 44136 --- [    Test worker] api.mongo.nosql.NosqlApplicationTests    : Started NosqlApplicationTests in 5.347 seconds (JVM running for 7.946)
]]></system-out>
  <system-err><![CDATA[]]></system-err>
</testsuite>
