<?xml version="1.0" encoding="UTF-8"?>
<testsuite name="api.mongo.nosql.repository.TodoRepositoryTest" tests="1" skipped="0" failures="0" errors="0" timestamp="2023-08-03T06:15:27" hostname="DESKTOP-F3ILP0D" time="0.013">
  <properties/>
  <testcase name="save()" classname="api.mongo.nosql.repository.TodoRepositoryTest" time="0.013"/>
  <system-out><![CDATA[2023-08-03 15:15:27.669  INFO 21552 --- [    Test worker] .b.t.c.SpringBootTestContextBootstrapper : Neither @ContextConfiguration nor @ContextHierarchy found for test class [api.mongo.nosql.repository.TodoRepositoryTest], using SpringBootContextLoader
2023-08-03 15:15:27.670  INFO 21552 --- [    Test worker] o.s.t.c.support.AbstractContextLoader    : Could not detect default resource locations for test class [api.mongo.nosql.repository.TodoRepositoryTest]: no resource found for suffixes {-context.xml, Context.groovy}.
2023-08-03 15:15:27.671  INFO 21552 --- [    Test worker] t.c.s.AnnotationConfigContextLoaderUtils : Could not detect default configuration classes for test class [api.mongo.nosql.repository.TodoRepositoryTest]: TodoRepositoryTest does not declare any static, non-private, non-final, nested classes annotated with @Configuration.
2023-08-03 15:15:27.680  INFO 21552 --- [    Test worker] .b.t.c.SpringBootTestContextBootstrapper : Found @SpringBootConfiguration api.mongo.nosql.NosqlApplication for test class api.mongo.nosql.repository.TodoRepositoryTest
2023-08-03 15:15:27.683  INFO 21552 --- [    Test worker] .b.t.c.SpringBootTestContextBootstrapper : Loaded default TestExecutionListener class names from location [META-INF/spring.factories]: [org.springframework.boot.test.autoconfigure.restdocs.RestDocsTestExecutionListener, org.springframework.boot.test.autoconfigure.web.client.MockRestServiceServerResetTestExecutionListener, org.springframework.boot.test.autoconfigure.web.servlet.MockMvcPrintOnlyOnFailureTestExecutionListener, org.springframework.boot.test.autoconfigure.web.servlet.WebDriverTestExecutionListener, org.springframework.boot.test.autoconfigure.webservices.client.MockWebServiceServerTestExecutionListener, org.springframework.boot.test.mock.mockito.MockitoTestExecutionListener, org.springframework.boot.test.mock.mockito.ResetMocksTestExecutionListener, org.springframework.test.context.web.ServletTestExecutionListener, org.springframework.test.context.support.DirtiesContextBeforeModesTestExecutionListener, org.springframework.test.context.event.ApplicationEventsTestExecutionListener, org.springframework.test.context.support.DependencyInjectionTestExecutionListener, org.springframework.test.context.support.DirtiesContextTestExecutionListener, org.springframework.test.context.transaction.TransactionalTestExecutionListener, org.springframework.test.context.jdbc.SqlScriptsTestExecutionListener, org.springframework.test.context.event.EventPublishingTestExecutionListener]
2023-08-03 15:15:27.684  INFO 21552 --- [    Test worker] .b.t.c.SpringBootTestContextBootstrapper : Using TestExecutionListeners: [org.springframework.test.context.web.ServletTestExecutionListener@5ad50b02, org.springframework.test.context.support.DirtiesContextBeforeModesTestExecutionListener@570299e3, org.springframework.test.context.event.ApplicationEventsTestExecutionListener@bff764c, org.springframework.boot.test.mock.mockito.MockitoTestExecutionListener@3beaa16d, org.springframework.boot.test.autoconfigure.SpringBootDependencyInjectionTestExecutionListener@49153009, org.springframework.test.context.support.DirtiesContextTestExecutionListener@a1b7549, org.springframework.test.context.transaction.TransactionalTestExecutionListener@7aa63f50, org.springframework.test.context.jdbc.SqlScriptsTestExecutionListener@142918a0, org.springframework.test.context.event.EventPublishingTestExecutionListener@745cf754, org.springframework.boot.test.autoconfigure.restdocs.RestDocsTestExecutionListener@25bc65ab, org.springframework.boot.test.autoconfigure.web.client.MockRestServiceServerResetTestExecutionListener@6eab92f3, org.springframework.boot.test.autoconfigure.web.servlet.MockMvcPrintOnlyOnFailureTestExecutionListener@321b7b9e, org.springframework.boot.test.autoconfigure.web.servlet.WebDriverTestExecutionListener@21eedcde, org.springframework.boot.test.autoconfigure.webservices.client.MockWebServiceServerTestExecutionListener@67396475, org.springframework.boot.test.mock.mockito.ResetMocksTestExecutionListener@55b74e6b]
]]></system-out>
  <system-err><![CDATA[]]></system-err>
</testsuite>
