<?xml version="1.0" encoding="UTF-8"?>
<testsuite name="api.mongo.nosql.Service.MovieServiceTest" tests="4" skipped="0" failures="0" errors="0" timestamp="2023-09-05T01:52:38" hostname="DESKTOP-F3ILP0D" time="0.253">
  <properties/>
  <testcase name="delete()" classname="api.mongo.nosql.Service.MovieServiceTest" time="0.22"/>
  <testcase name="update()" classname="api.mongo.nosql.Service.MovieServiceTest" time="0.015"/>
  <testcase name="findFail()" classname="api.mongo.nosql.Service.MovieServiceTest" time="0.008"/>
  <testcase name="save()" classname="api.mongo.nosql.Service.MovieServiceTest" time="0.008"/>
  <system-out><![CDATA[2023-09-05 10:52:38.968  INFO 26192 --- [    Test worker] .b.t.c.SpringBootTestContextBootstrapper : Neither @ContextConfiguration nor @ContextHierarchy found for test class [api.mongo.nosql.Service.MovieServiceTest], using SpringBootContextLoader
2023-09-05 10:52:38.969  INFO 26192 --- [    Test worker] o.s.t.c.support.AbstractContextLoader    : Could not detect default resource locations for test class [api.mongo.nosql.Service.MovieServiceTest]: no resource found for suffixes {-context.xml, Context.groovy}.
2023-09-05 10:52:38.970  INFO 26192 --- [    Test worker] t.c.s.AnnotationConfigContextLoaderUtils : Could not detect default configuration classes for test class [api.mongo.nosql.Service.MovieServiceTest]: MovieServiceTest does not declare any static, non-private, non-final, nested classes annotated with @Configuration.
2023-09-05 10:52:38.977  INFO 26192 --- [    Test worker] .b.t.c.SpringBootTestContextBootstrapper : Found @SpringBootConfiguration api.mongo.nosql.NosqlApplication for test class api.mongo.nosql.Service.MovieServiceTest
2023-09-05 10:52:38.979  INFO 26192 --- [    Test worker] .b.t.c.SpringBootTestContextBootstrapper : Loaded default TestExecutionListener class names from location [META-INF/spring.factories]: [org.springframework.boot.test.autoconfigure.restdocs.RestDocsTestExecutionListener, org.springframework.boot.test.autoconfigure.web.client.MockRestServiceServerResetTestExecutionListener, org.springframework.boot.test.autoconfigure.web.servlet.MockMvcPrintOnlyOnFailureTestExecutionListener, org.springframework.boot.test.autoconfigure.web.servlet.WebDriverTestExecutionListener, org.springframework.boot.test.autoconfigure.webservices.client.MockWebServiceServerTestExecutionListener, org.springframework.boot.test.mock.mockito.MockitoTestExecutionListener, org.springframework.boot.test.mock.mockito.ResetMocksTestExecutionListener, org.springframework.test.context.web.ServletTestExecutionListener, org.springframework.test.context.support.DirtiesContextBeforeModesTestExecutionListener, org.springframework.test.context.event.ApplicationEventsTestExecutionListener, org.springframework.test.context.support.DependencyInjectionTestExecutionListener, org.springframework.test.context.support.DirtiesContextTestExecutionListener, org.springframework.test.context.transaction.TransactionalTestExecutionListener, org.springframework.test.context.jdbc.SqlScriptsTestExecutionListener, org.springframework.test.context.event.EventPublishingTestExecutionListener]
2023-09-05 10:52:38.979  INFO 26192 --- [    Test worker] .b.t.c.SpringBootTestContextBootstrapper : Using TestExecutionListeners: [org.springframework.test.context.web.ServletTestExecutionListener@75559cd9, org.springframework.test.context.support.DirtiesContextBeforeModesTestExecutionListener@39a09c0, org.springframework.test.context.event.ApplicationEventsTestExecutionListener@3dbf3bc, org.springframework.boot.test.mock.mockito.MockitoTestExecutionListener@626ff077, org.springframework.boot.test.autoconfigure.SpringBootDependencyInjectionTestExecutionListener@3b850bb7, org.springframework.test.context.support.DirtiesContextTestExecutionListener@6802c10e, org.springframework.test.context.transaction.TransactionalTestExecutionListener@341889a1, org.springframework.test.context.jdbc.SqlScriptsTestExecutionListener@29693b1d, org.springframework.test.context.event.EventPublishingTestExecutionListener@3a225534, org.springframework.boot.test.autoconfigure.restdocs.RestDocsTestExecutionListener@44d6f9cf, org.springframework.boot.test.autoconfigure.web.client.MockRestServiceServerResetTestExecutionListener@34f32575, org.springframework.boot.test.autoconfigure.web.servlet.MockMvcPrintOnlyOnFailureTestExecutionListener@54224125, org.springframework.boot.test.autoconfigure.web.servlet.WebDriverTestExecutionListener@7c013560, org.springframework.boot.test.autoconfigure.webservices.client.MockWebServiceServerTestExecutionListener@feab3ae, org.springframework.boot.test.mock.mockito.ResetMocksTestExecutionListener@229fe7ab]
2023-09-05 10:52:39.072  INFO 26192 --- [       Thread-4] o.s.b.a.mongo.embedded.EmbeddedMongo     : 2023-09-05T10:52:39.072+0900 I NETWORK  [initandlisten] connection accepted from 127.0.0.1:57986 #3 (3 connections now open)
2023-09-05 10:52:39.074  INFO 26192 --- [    Test worker] org.mongodb.driver.connection            : Opened connection [connectionId{localValue:3, serverValue:3}] to localhost:57947
]]></system-out>
  <system-err><![CDATA[]]></system-err>
</testsuite>
