<?xml version="1.0" encoding="UTF-8"?>
<testsuite name="api.mongo.nosql.Service.RelationshipServiceTest" tests="3" skipped="0" failures="0" errors="0" timestamp="2023-08-31T06:37:21" hostname="DESKTOP-F3ILP0D" time="0.125">
  <properties/>
  <testcase name="findOne()" classname="api.mongo.nosql.Service.RelationshipServiceTest" time="0.078"/>
  <testcase name="update()" classname="api.mongo.nosql.Service.RelationshipServiceTest" time="0.036"/>
  <testcase name="save()" classname="api.mongo.nosql.Service.RelationshipServiceTest" time="0.009"/>
  <system-out><![CDATA[2023-08-31 15:37:21.022  INFO 15904 --- [    Test worker] .b.t.c.SpringBootTestContextBootstrapper : Neither @ContextConfiguration nor @ContextHierarchy found for test class [api.mongo.nosql.Service.RelationshipServiceTest], using SpringBootContextLoader
2023-08-31 15:37:21.023  INFO 15904 --- [    Test worker] o.s.t.c.support.AbstractContextLoader    : Could not detect default resource locations for test class [api.mongo.nosql.Service.RelationshipServiceTest]: no resource found for suffixes {-context.xml, Context.groovy}.
2023-08-31 15:37:21.024  INFO 15904 --- [    Test worker] t.c.s.AnnotationConfigContextLoaderUtils : Could not detect default configuration classes for test class [api.mongo.nosql.Service.RelationshipServiceTest]: RelationshipServiceTest does not declare any static, non-private, non-final, nested classes annotated with @Configuration.
2023-08-31 15:37:21.025  INFO 15904 --- [    Test worker] .b.t.c.SpringBootTestContextBootstrapper : Found @SpringBootConfiguration api.mongo.nosql.NosqlApplication for test class api.mongo.nosql.Service.RelationshipServiceTest
2023-08-31 15:37:21.027  INFO 15904 --- [    Test worker] .b.t.c.SpringBootTestContextBootstrapper : Loaded default TestExecutionListener class names from location [META-INF/spring.factories]: [org.springframework.boot.test.autoconfigure.restdocs.RestDocsTestExecutionListener, org.springframework.boot.test.autoconfigure.web.client.MockRestServiceServerResetTestExecutionListener, org.springframework.boot.test.autoconfigure.web.servlet.MockMvcPrintOnlyOnFailureTestExecutionListener, org.springframework.boot.test.autoconfigure.web.servlet.WebDriverTestExecutionListener, org.springframework.boot.test.autoconfigure.webservices.client.MockWebServiceServerTestExecutionListener, org.springframework.boot.test.mock.mockito.MockitoTestExecutionListener, org.springframework.boot.test.mock.mockito.ResetMocksTestExecutionListener, org.springframework.test.context.web.ServletTestExecutionListener, org.springframework.test.context.support.DirtiesContextBeforeModesTestExecutionListener, org.springframework.test.context.event.ApplicationEventsTestExecutionListener, org.springframework.test.context.support.DependencyInjectionTestExecutionListener, org.springframework.test.context.support.DirtiesContextTestExecutionListener, org.springframework.test.context.transaction.TransactionalTestExecutionListener, org.springframework.test.context.jdbc.SqlScriptsTestExecutionListener, org.springframework.test.context.event.EventPublishingTestExecutionListener]
2023-08-31 15:37:21.027  INFO 15904 --- [    Test worker] .b.t.c.SpringBootTestContextBootstrapper : Using TestExecutionListeners: [org.springframework.test.context.web.ServletTestExecutionListener@10660795, org.springframework.test.context.support.DirtiesContextBeforeModesTestExecutionListener@3ccc4ca0, org.springframework.test.context.event.ApplicationEventsTestExecutionListener@1dbfbd94, org.springframework.boot.test.mock.mockito.MockitoTestExecutionListener@ec1b776, org.springframework.boot.test.autoconfigure.SpringBootDependencyInjectionTestExecutionListener@2e3b4394, org.springframework.test.context.support.DirtiesContextTestExecutionListener@70ccb3bf, org.springframework.test.context.transaction.TransactionalTestExecutionListener@10ffe32f, org.springframework.test.context.jdbc.SqlScriptsTestExecutionListener@13868c41, org.springframework.test.context.event.EventPublishingTestExecutionListener@67d55a46, org.springframework.boot.test.autoconfigure.restdocs.RestDocsTestExecutionListener@72115c48, org.springframework.boot.test.autoconfigure.web.client.MockRestServiceServerResetTestExecutionListener@1d982fbe, org.springframework.boot.test.autoconfigure.web.servlet.MockMvcPrintOnlyOnFailureTestExecutionListener@3adb4cc8, org.springframework.boot.test.autoconfigure.web.servlet.WebDriverTestExecutionListener@779136bf, org.springframework.boot.test.autoconfigure.webservices.client.MockWebServiceServerTestExecutionListener@f9ac719, org.springframework.boot.test.mock.mockito.ResetMocksTestExecutionListener@53a3fc8b]
]]></system-out>
  <system-err><![CDATA[]]></system-err>
</testsuite>
