<?xml version="1.0" encoding="UTF-8"?>
<testsuite name="api.mongo.nosql.Service.MovieServiceTest" tests="4" skipped="0" failures="0" errors="0" timestamp="2023-08-23T11:11:53" hostname="DESKTOP-F3ILP0D" time="0.429">
  <properties/>
  <testcase name="delete()" classname="api.mongo.nosql.Service.MovieServiceTest" time="0.39"/>
  <testcase name="update()" classname="api.mongo.nosql.Service.MovieServiceTest" time="0.017"/>
  <testcase name="findFail()" classname="api.mongo.nosql.Service.MovieServiceTest" time="0.009"/>
  <testcase name="save()" classname="api.mongo.nosql.Service.MovieServiceTest" time="0.01"/>
  <system-out><![CDATA[2023-08-23 20:11:53.406  INFO 24976 --- [    Test worker] .b.t.c.SpringBootTestContextBootstrapper : Neither @ContextConfiguration nor @ContextHierarchy found for test class [api.mongo.nosql.Service.MovieServiceTest], using SpringBootContextLoader
2023-08-23 20:11:53.407  INFO 24976 --- [    Test worker] o.s.t.c.support.AbstractContextLoader    : Could not detect default resource locations for test class [api.mongo.nosql.Service.MovieServiceTest]: no resource found for suffixes {-context.xml, Context.groovy}.
2023-08-23 20:11:53.407  INFO 24976 --- [    Test worker] t.c.s.AnnotationConfigContextLoaderUtils : Could not detect default configuration classes for test class [api.mongo.nosql.Service.MovieServiceTest]: MovieServiceTest does not declare any static, non-private, non-final, nested classes annotated with @Configuration.
2023-08-23 20:11:53.415  INFO 24976 --- [    Test worker] .b.t.c.SpringBootTestContextBootstrapper : Found @SpringBootConfiguration api.mongo.nosql.NosqlApplication for test class api.mongo.nosql.Service.MovieServiceTest
2023-08-23 20:11:53.418  INFO 24976 --- [    Test worker] .b.t.c.SpringBootTestContextBootstrapper : Loaded default TestExecutionListener class names from location [META-INF/spring.factories]: [org.springframework.boot.test.autoconfigure.restdocs.RestDocsTestExecutionListener, org.springframework.boot.test.autoconfigure.web.client.MockRestServiceServerResetTestExecutionListener, org.springframework.boot.test.autoconfigure.web.servlet.MockMvcPrintOnlyOnFailureTestExecutionListener, org.springframework.boot.test.autoconfigure.web.servlet.WebDriverTestExecutionListener, org.springframework.boot.test.autoconfigure.webservices.client.MockWebServiceServerTestExecutionListener, org.springframework.boot.test.mock.mockito.MockitoTestExecutionListener, org.springframework.boot.test.mock.mockito.ResetMocksTestExecutionListener, org.springframework.test.context.web.ServletTestExecutionListener, org.springframework.test.context.support.DirtiesContextBeforeModesTestExecutionListener, org.springframework.test.context.event.ApplicationEventsTestExecutionListener, org.springframework.test.context.support.DependencyInjectionTestExecutionListener, org.springframework.test.context.support.DirtiesContextTestExecutionListener, org.springframework.test.context.transaction.TransactionalTestExecutionListener, org.springframework.test.context.jdbc.SqlScriptsTestExecutionListener, org.springframework.test.context.event.EventPublishingTestExecutionListener]
2023-08-23 20:11:53.418  INFO 24976 --- [    Test worker] .b.t.c.SpringBootTestContextBootstrapper : Using TestExecutionListeners: [org.springframework.test.context.web.ServletTestExecutionListener@98712fa, org.springframework.test.context.support.DirtiesContextBeforeModesTestExecutionListener@61288814, org.springframework.test.context.event.ApplicationEventsTestExecutionListener@3b8d2abe, org.springframework.boot.test.mock.mockito.MockitoTestExecutionListener@6669cba, org.springframework.boot.test.autoconfigure.SpringBootDependencyInjectionTestExecutionListener@37c74e4e, org.springframework.test.context.support.DirtiesContextTestExecutionListener@128a188a, org.springframework.test.context.transaction.TransactionalTestExecutionListener@400008bf, org.springframework.test.context.jdbc.SqlScriptsTestExecutionListener@72b1df49, org.springframework.test.context.event.EventPublishingTestExecutionListener@7f894a6f, org.springframework.boot.test.autoconfigure.restdocs.RestDocsTestExecutionListener@3d05435c, org.springframework.boot.test.autoconfigure.web.client.MockRestServiceServerResetTestExecutionListener@7d80e1b3, org.springframework.boot.test.autoconfigure.web.servlet.MockMvcPrintOnlyOnFailureTestExecutionListener@1b732dd, org.springframework.boot.test.autoconfigure.web.servlet.WebDriverTestExecutionListener@3458dab6, org.springframework.boot.test.autoconfigure.webservices.client.MockWebServiceServerTestExecutionListener@23d060c2, org.springframework.boot.test.mock.mockito.ResetMocksTestExecutionListener@59278072]
2023-08-23 20:11:53.558  INFO 24976 --- [       Thread-4] o.s.b.a.mongo.embedded.EmbeddedMongo     : 2023-08-23T20:11:53.558+0900 I NETWORK  [initandlisten] connection accepted from 127.0.0.1:54860 #3 (3 connections now open)
2023-08-23 20:11:53.560  INFO 24976 --- [    Test worker] org.mongodb.driver.connection            : Opened connection [connectionId{localValue:3, serverValue:3}] to localhost:54856
]]></system-out>
  <system-err><![CDATA[]]></system-err>
</testsuite>
