<?xml version="1.0" encoding="UTF-8"?>
<testsuite name="api.mongo.nosql.Service.RelationshipServiceTest" tests="3" skipped="0" failures="0" errors="0" timestamp="2023-08-31T05:05:06" hostname="DESKTOP-F3ILP0D" time="0.101">
  <properties/>
  <testcase name="findOne()" classname="api.mongo.nosql.Service.RelationshipServiceTest" time="0.065"/>
  <testcase name="update()" classname="api.mongo.nosql.Service.RelationshipServiceTest" time="0.029"/>
  <testcase name="save()" classname="api.mongo.nosql.Service.RelationshipServiceTest" time="0.006"/>
  <system-out><![CDATA[2023-08-31 14:05:06.342  INFO 44136 --- [    Test worker] .b.t.c.SpringBootTestContextBootstrapper : Neither @ContextConfiguration nor @ContextHierarchy found for test class [api.mongo.nosql.Service.RelationshipServiceTest], using SpringBootContextLoader
2023-08-31 14:05:06.343  INFO 44136 --- [    Test worker] o.s.t.c.support.AbstractContextLoader    : Could not detect default resource locations for test class [api.mongo.nosql.Service.RelationshipServiceTest]: no resource found for suffixes {-context.xml, Context.groovy}.
2023-08-31 14:05:06.343  INFO 44136 --- [    Test worker] t.c.s.AnnotationConfigContextLoaderUtils : Could not detect default configuration classes for test class [api.mongo.nosql.Service.RelationshipServiceTest]: RelationshipServiceTest does not declare any static, non-private, non-final, nested classes annotated with @Configuration.
2023-08-31 14:05:06.344  INFO 44136 --- [    Test worker] .b.t.c.SpringBootTestContextBootstrapper : Found @SpringBootConfiguration api.mongo.nosql.NosqlApplication for test class api.mongo.nosql.Service.RelationshipServiceTest
2023-08-31 14:05:06.346  INFO 44136 --- [    Test worker] .b.t.c.SpringBootTestContextBootstrapper : Loaded default TestExecutionListener class names from location [META-INF/spring.factories]: [org.springframework.boot.test.autoconfigure.restdocs.RestDocsTestExecutionListener, org.springframework.boot.test.autoconfigure.web.client.MockRestServiceServerResetTestExecutionListener, org.springframework.boot.test.autoconfigure.web.servlet.MockMvcPrintOnlyOnFailureTestExecutionListener, org.springframework.boot.test.autoconfigure.web.servlet.WebDriverTestExecutionListener, org.springframework.boot.test.autoconfigure.webservices.client.MockWebServiceServerTestExecutionListener, org.springframework.boot.test.mock.mockito.MockitoTestExecutionListener, org.springframework.boot.test.mock.mockito.ResetMocksTestExecutionListener, org.springframework.test.context.web.ServletTestExecutionListener, org.springframework.test.context.support.DirtiesContextBeforeModesTestExecutionListener, org.springframework.test.context.event.ApplicationEventsTestExecutionListener, org.springframework.test.context.support.DependencyInjectionTestExecutionListener, org.springframework.test.context.support.DirtiesContextTestExecutionListener, org.springframework.test.context.transaction.TransactionalTestExecutionListener, org.springframework.test.context.jdbc.SqlScriptsTestExecutionListener, org.springframework.test.context.event.EventPublishingTestExecutionListener]
2023-08-31 14:05:06.346  INFO 44136 --- [    Test worker] .b.t.c.SpringBootTestContextBootstrapper : Using TestExecutionListeners: [org.springframework.test.context.web.ServletTestExecutionListener@44723d95, org.springframework.test.context.support.DirtiesContextBeforeModesTestExecutionListener@242c4a94, org.springframework.test.context.event.ApplicationEventsTestExecutionListener@4df13b7e, org.springframework.boot.test.mock.mockito.MockitoTestExecutionListener@477d6f66, org.springframework.boot.test.autoconfigure.SpringBootDependencyInjectionTestExecutionListener@12b66c89, org.springframework.test.context.support.DirtiesContextTestExecutionListener@5408fca1, org.springframework.test.context.transaction.TransactionalTestExecutionListener@10660795, org.springframework.test.context.jdbc.SqlScriptsTestExecutionListener@3ccc4ca0, org.springframework.test.context.event.EventPublishingTestExecutionListener@1dbfbd94, org.springframework.boot.test.autoconfigure.restdocs.RestDocsTestExecutionListener@ec1b776, org.springframework.boot.test.autoconfigure.web.client.MockRestServiceServerResetTestExecutionListener@2e3b4394, org.springframework.boot.test.autoconfigure.web.servlet.MockMvcPrintOnlyOnFailureTestExecutionListener@70ccb3bf, org.springframework.boot.test.autoconfigure.web.servlet.WebDriverTestExecutionListener@10ffe32f, org.springframework.boot.test.autoconfigure.webservices.client.MockWebServiceServerTestExecutionListener@13868c41, org.springframework.boot.test.mock.mockito.ResetMocksTestExecutionListener@67d55a46]
]]></system-out>
  <system-err><![CDATA[]]></system-err>
</testsuite>
