<?xml version="1.0" encoding="UTF-8"?>
<testsuite name="api.mongo.nosql.repository.MovieRepositoryTest" tests="1" skipped="0" failures="0" errors="0" timestamp="2023-08-04T11:48:37" hostname="DESKTOP-F3ILP0D" time="0.081">
  <properties/>
  <testcase name="save()" classname="api.mongo.nosql.repository.MovieRepositoryTest" time="0.081"/>
  <system-out><![CDATA[2023-08-04 20:48:37.329  INFO 15584 --- [    Test worker] .b.t.c.SpringBootTestContextBootstrapper : Neither @ContextConfiguration nor @ContextHierarchy found for test class [api.mongo.nosql.repository.MovieRepositoryTest], using SpringBootContextLoader
2023-08-04 20:48:37.331  INFO 15584 --- [    Test worker] o.s.t.c.support.AbstractContextLoader    : Could not detect default resource locations for test class [api.mongo.nosql.repository.MovieRepositoryTest]: no resource found for suffixes {-context.xml, Context.groovy}.
2023-08-04 20:48:37.331  INFO 15584 --- [    Test worker] t.c.s.AnnotationConfigContextLoaderUtils : Could not detect default configuration classes for test class [api.mongo.nosql.repository.MovieRepositoryTest]: MovieRepositoryTest does not declare any static, non-private, non-final, nested classes annotated with @Configuration.
2023-08-04 20:48:37.334  INFO 15584 --- [    Test worker] .b.t.c.SpringBootTestContextBootstrapper : Found @SpringBootConfiguration api.mongo.nosql.NosqlApplication for test class api.mongo.nosql.repository.MovieRepositoryTest
2023-08-04 20:48:37.339  INFO 15584 --- [    Test worker] .b.t.c.SpringBootTestContextBootstrapper : Loaded default TestExecutionListener class names from location [META-INF/spring.factories]: [org.springframework.boot.test.autoconfigure.restdocs.RestDocsTestExecutionListener, org.springframework.boot.test.autoconfigure.web.client.MockRestServiceServerResetTestExecutionListener, org.springframework.boot.test.autoconfigure.web.servlet.MockMvcPrintOnlyOnFailureTestExecutionListener, org.springframework.boot.test.autoconfigure.web.servlet.WebDriverTestExecutionListener, org.springframework.boot.test.autoconfigure.webservices.client.MockWebServiceServerTestExecutionListener, org.springframework.boot.test.mock.mockito.MockitoTestExecutionListener, org.springframework.boot.test.mock.mockito.ResetMocksTestExecutionListener, org.springframework.test.context.web.ServletTestExecutionListener, org.springframework.test.context.support.DirtiesContextBeforeModesTestExecutionListener, org.springframework.test.context.event.ApplicationEventsTestExecutionListener, org.springframework.test.context.support.DependencyInjectionTestExecutionListener, org.springframework.test.context.support.DirtiesContextTestExecutionListener, org.springframework.test.context.transaction.TransactionalTestExecutionListener, org.springframework.test.context.jdbc.SqlScriptsTestExecutionListener, org.springframework.test.context.event.EventPublishingTestExecutionListener]
2023-08-04 20:48:37.340  INFO 15584 --- [    Test worker] .b.t.c.SpringBootTestContextBootstrapper : Using TestExecutionListeners: [org.springframework.test.context.web.ServletTestExecutionListener@20723ee, org.springframework.test.context.support.DirtiesContextBeforeModesTestExecutionListener@21c5c68a, org.springframework.test.context.event.ApplicationEventsTestExecutionListener@5bb39285, org.springframework.boot.test.mock.mockito.MockitoTestExecutionListener@2b0d85bd, org.springframework.boot.test.autoconfigure.SpringBootDependencyInjectionTestExecutionListener@102ecb61, org.springframework.test.context.support.DirtiesContextTestExecutionListener@1fd0ae78, org.springframework.test.context.transaction.TransactionalTestExecutionListener@583030bd, org.springframework.test.context.jdbc.SqlScriptsTestExecutionListener@1f57666b, org.springframework.test.context.event.EventPublishingTestExecutionListener@7944c323, org.springframework.boot.test.autoconfigure.restdocs.RestDocsTestExecutionListener@637d111d, org.springframework.boot.test.autoconfigure.web.client.MockRestServiceServerResetTestExecutionListener@3a917017, org.springframework.boot.test.autoconfigure.web.servlet.MockMvcPrintOnlyOnFailureTestExecutionListener@1ed12d10, org.springframework.boot.test.autoconfigure.web.servlet.WebDriverTestExecutionListener@4153a832, org.springframework.boot.test.autoconfigure.webservices.client.MockWebServiceServerTestExecutionListener@4a2dbcfc, org.springframework.boot.test.mock.mockito.ResetMocksTestExecutionListener@7b8d6c66]
]]></system-out>
  <system-err><![CDATA[]]></system-err>
</testsuite>
